<?xml version='1.0' encoding='UTF-8'?>
<testsuite hostname="Hanness-MBP.modem" name="org.mq.frogsandtoads.FrogsAndToadsTests" tests="4" errors="0" failures="0" skipped="0" time="0.02" timestamp="2019-08-31T15:08:03">
                     <properties>
[...]
</properties>
                     <testcase classname="org.mq.frogsandtoads.FrogsAndToadsTests" name="An puzzle state with 5 frogs and 8 toads: should have 5 + 8 + 1 = 14 cells" time="0.017">
                                                 
                                               </testcase><testcase classname="org.mq.frogsandtoads.FrogsAndToadsTests" name="An puzzle state with 5 frogs and 8 toads: should have its empty cell at position 5" time="0.001">
                                                 
                                               </testcase><testcase classname="org.mq.frogsandtoads.FrogsAndToadsTests" name="An puzzle state with 5 frogs and 8 toads: should be constructed in the initial puzzle state" time="0.001">
                                                 
                                               </testcase><testcase classname="org.mq.frogsandtoads.FrogsAndToadsTests" name="An puzzle state with 5 frogs and 8 toads: should not be constructed in the terminal puzzle state" time="0.001">
                                                 
                                               </testcase>
                     <system-out><![CDATA[]]></system-out>
                     <system-err><![CDATA[]]></system-err>
                   </testsuite>