<?xml version='1.0' encoding='UTF-8'?>
<testsuite hostname="Hanness-MacBook-Pro.local" name="org.mq.frogsandtoads.FrogsAndToadsTests" tests="117" errors="0" failures="0" skipped="0" time="0.271" timestamp="2019-09-03T16:39:58">
                     <properties>
[...]
</properties>
                     <testcase classname="org.mq.frogsandtoads.FrogsAndToadsTests" name="A puzzle state with 5 frogs and 8 toads: should have 5 + 8 + 1 = 14 cells" time="0.017">
                                                 
                                               </testcase><testcase classname="org.mq.frogsandtoads.FrogsAndToadsTests" name="A puzzle state with 5 frogs and 8 toads: should have its empty cell at position 5" time="0.001">
                                                 
                                               </testcase><testcase classname="org.mq.frogsandtoads.FrogsAndToadsTests" name="A puzzle state with 5 frogs and 8 toads: should be constructed in the initial puzzle state" time="0.001">
                                                 
                                               </testcase><testcase classname="org.mq.frogsandtoads.FrogsAndToadsTests" name="A puzzle state with 5 frogs and 8 toads: should not be constructed in the terminal puzzle state" time="0.001">
                                                 
                                               </testcase><testcase classname="org.mq.frogsandtoads.FrogsAndToadsTests" name="A puzzle state with 5 frogs and 8 toads: should have initial state as [F|F|F|F|F| |T|T|T|T|T|T|T|T]" time="0.001">
                                                 
                                               </testcase><testcase classname="org.mq.frogsandtoads.FrogsAndToadsTests" name="The puzzle state obtained by sliding a single frog should have 3 frogs, a space, a frog, and 4 toads" time="0.0">
                                                 
                                               </testcase><testcase classname="org.mq.frogsandtoads.FrogsAndToadsTests" name="The puzzle state obtained by sliding a single toad should have 4 frogs, a toad, a space, and 3 toads" time="0.0">
                                                 
                                               </testcase><testcase classname="org.mq.frogsandtoads.FrogsAndToadsTests" name="The puzzle state obtained by making an invalid frog jump should return None" time="0.0">
                                                 
                                               </testcase><testcase classname="org.mq.frogsandtoads.FrogsAndToadsTests" name="The puzzle state obtained by making an invalid toad jump should return None" time="0.0">
                                                 
                                               </testcase><testcase classname="org.mq.frogsandtoads.FrogsAndToadsTests" name="Applying jumpFromLeft to the state [F|T| |F|T] should be legal and produce the state [ |T|F|F|T]" time="0.002">
                                                 
                                               </testcase><testcase classname="org.mq.frogsandtoads.FrogsAndToadsTests" name="Applying jumpFromLeft to the state [F|F|F|F|T| |T|T|T] should be legal and produce the state [F|F|F| |T|F|T|T|T]" time="0.001">
                                                 
                                               </testcase><testcase classname="org.mq.frogsandtoads.FrogsAndToadsTests" name="Applying jumpFromLeft to the state [T|F| |T|F] should be illegal" time="0.001">
                                                 
                                               </testcase><testcase classname="org.mq.frogsandtoads.FrogsAndToadsTests" name="Applying jumpFromRight to the state [F|T| |F|T] should be legal and produce the state [F|T|T|F| ]" time="0.001">
                                                 
                                               </testcase><testcase classname="org.mq.frogsandtoads.FrogsAndToadsTests" name="Applying jumpFromRight to the state [T|F| |T|F] should be illegal" time="0.001">
                                                 
                                               </testcase><testcase classname="org.mq.frogsandtoads.FrogsAndToadsTests" name="Calling the solve method on a PuzzleState should find a solution (1, 1)" time="0.001">
                                                 
                                               </testcase><testcase classname="org.mq.frogsandtoads.FrogsAndToadsTests" name="Calling the solve method on a PuzzleState should find a solution(1, 1)" time="0.0">
                                                 
                                               </testcase><testcase classname="org.mq.frogsandtoads.FrogsAndToadsTests" name="Calling the solve method on a PuzzleState should find a solution(1, 2)" time="0.0">
                                                 
                                               </testcase><testcase classname="org.mq.frogsandtoads.FrogsAndToadsTests" name="Calling the solve method on a PuzzleState should find a solution(1, 3)" time="0.0">
                                                 
                                               </testcase><testcase classname="org.mq.frogsandtoads.FrogsAndToadsTests" name="Calling the solve method on a PuzzleState should find a solution(1, 4)" time="0.0">
                                                 
                                               </testcase><testcase classname="org.mq.frogsandtoads.FrogsAndToadsTests" name="Calling the solve method on a PuzzleState should find a solution(1, 5)" time="0.0">
                                                 
                                               </testcase><testcase classname="org.mq.frogsandtoads.FrogsAndToadsTests" name="Calling the solve method on a PuzzleState should find a solution(1, 6)" time="0.001">
                                                 
                                               </testcase><testcase classname="org.mq.frogsandtoads.FrogsAndToadsTests" name="Calling the solve method on a PuzzleState should find a solution(1, 7)" time="0.0">
                                                 
                                               </testcase><testcase classname="org.mq.frogsandtoads.FrogsAndToadsTests" name="Calling the solve method on a PuzzleState should find a solution(1, 8)" time="0.0">
                                                 
                                               </testcase><testcase classname="org.mq.frogsandtoads.FrogsAndToadsTests" name="Calling the solve method on a PuzzleState should find a solution(1, 9)" time="0.0">
                                                 
                                               </testcase><testcase classname="org.mq.frogsandtoads.FrogsAndToadsTests" name="Calling the solve method on a PuzzleState should find a solution(1, 10)" time="0.0">
                                                 
                                               </testcase><testcase classname="org.mq.frogsandtoads.FrogsAndToadsTests" name="Calling the solve method on a PuzzleState should find a solution(2, 1)" time="0.0">
                                                 
                                               </testcase><testcase classname="org.mq.frogsandtoads.FrogsAndToadsTests" name="Calling the solve method on a PuzzleState should find a solution(2, 2)" time="0.0">
                                                 
                                               </testcase><testcase classname="org.mq.frogsandtoads.FrogsAndToadsTests" name="Calling the solve method on a PuzzleState should find a solution(2, 3)" time="0.001">
                                                 
                                               </testcase><testcase classname="org.mq.frogsandtoads.FrogsAndToadsTests" name="Calling the solve method on a PuzzleState should find a solution(2, 4)" time="0.001">
                                                 
                                               </testcase><testcase classname="org.mq.frogsandtoads.FrogsAndToadsTests" name="Calling the solve method on a PuzzleState should find a solution(2, 5)" time="0.0">
                                                 
                                               </testcase><testcase classname="org.mq.frogsandtoads.FrogsAndToadsTests" name="Calling the solve method on a PuzzleState should find a solution(2, 6)" time="0.0">
                                                 
                                               </testcase><testcase classname="org.mq.frogsandtoads.FrogsAndToadsTests" name="Calling the solve method on a PuzzleState should find a solution(2, 7)" time="0.001">
                                                 
                                               </testcase><testcase classname="org.mq.frogsandtoads.FrogsAndToadsTests" name="Calling the solve method on a PuzzleState should find a solution(2, 8)" time="0.001">
                                                 
                                               </testcase><testcase classname="org.mq.frogsandtoads.FrogsAndToadsTests" name="Calling the solve method on a PuzzleState should find a solution(2, 9)" time="0.002">
                                                 
                                               </testcase><testcase classname="org.mq.frogsandtoads.FrogsAndToadsTests" name="Calling the solve method on a PuzzleState should find a solution(2, 10)" time="0.003">
                                                 
                                               </testcase><testcase classname="org.mq.frogsandtoads.FrogsAndToadsTests" name="Calling the solve method on a PuzzleState should find a solution(3, 1)" time="0.0">
                                                 
                                               </testcase><testcase classname="org.mq.frogsandtoads.FrogsAndToadsTests" name="Calling the solve method on a PuzzleState should find a solution(3, 2)" time="0.0">
                                                 
                                               </testcase><testcase classname="org.mq.frogsandtoads.FrogsAndToadsTests" name="Calling the solve method on a PuzzleState should find a solution(3, 3)" time="0.001">
                                                 
                                               </testcase><testcase classname="org.mq.frogsandtoads.FrogsAndToadsTests" name="Calling the solve method on a PuzzleState should find a solution(3, 4)" time="0.0">
                                                 
                                               </testcase><testcase classname="org.mq.frogsandtoads.FrogsAndToadsTests" name="Calling the solve method on a PuzzleState should find a solution(3, 5)" time="0.0">
                                                 
                                               </testcase><testcase classname="org.mq.frogsandtoads.FrogsAndToadsTests" name="Calling the solve method on a PuzzleState should find a solution(3, 6)" time="0.001">
                                                 
                                               </testcase><testcase classname="org.mq.frogsandtoads.FrogsAndToadsTests" name="Calling the solve method on a PuzzleState should find a solution(3, 7)" time="0.001">
                                                 
                                               </testcase><testcase classname="org.mq.frogsandtoads.FrogsAndToadsTests" name="Calling the solve method on a PuzzleState should find a solution(3, 8)" time="0.002">
                                                 
                                               </testcase><testcase classname="org.mq.frogsandtoads.FrogsAndToadsTests" name="Calling the solve method on a PuzzleState should find a solution(3, 9)" time="0.002">
                                                 
                                               </testcase><testcase classname="org.mq.frogsandtoads.FrogsAndToadsTests" name="Calling the solve method on a PuzzleState should find a solution(3, 10)" time="0.003">
                                                 
                                               </testcase><testcase classname="org.mq.frogsandtoads.FrogsAndToadsTests" name="Calling the solve method on a PuzzleState should find a solution(4, 1)" time="0.0">
                                                 
                                               </testcase><testcase classname="org.mq.frogsandtoads.FrogsAndToadsTests" name="Calling the solve method on a PuzzleState should find a solution(4, 2)" time="0.001">
                                                 
                                               </testcase><testcase classname="org.mq.frogsandtoads.FrogsAndToadsTests" name="Calling the solve method on a PuzzleState should find a solution(4, 3)" time="0.0">
                                                 
                                               </testcase><testcase classname="org.mq.frogsandtoads.FrogsAndToadsTests" name="Calling the solve method on a PuzzleState should find a solution(4, 4)" time="0.001">
                                                 
                                               </testcase><testcase classname="org.mq.frogsandtoads.FrogsAndToadsTests" name="Calling the solve method on a PuzzleState should find a solution(4, 5)" time="0.001">
                                                 
                                               </testcase><testcase classname="org.mq.frogsandtoads.FrogsAndToadsTests" name="Calling the solve method on a PuzzleState should find a solution(4, 6)" time="0.001">
                                                 
                                               </testcase><testcase classname="org.mq.frogsandtoads.FrogsAndToadsTests" name="Calling the solve method on a PuzzleState should find a solution(4, 7)" time="0.001">
                                                 
                                               </testcase><testcase classname="org.mq.frogsandtoads.FrogsAndToadsTests" name="Calling the solve method on a PuzzleState should find a solution(4, 8)" time="0.002">
                                                 
                                               </testcase><testcase classname="org.mq.frogsandtoads.FrogsAndToadsTests" name="Calling the solve method on a PuzzleState should find a solution(4, 9)" time="0.003">
                                                 
                                               </testcase><testcase classname="org.mq.frogsandtoads.FrogsAndToadsTests" name="Calling the solve method on a PuzzleState should find a solution(4, 10)" time="0.005">
                                                 
                                               </testcase><testcase classname="org.mq.frogsandtoads.FrogsAndToadsTests" name="Calling the solve method on a PuzzleState should find a solution(5, 1)" time="0.0">
                                                 
                                               </testcase><testcase classname="org.mq.frogsandtoads.FrogsAndToadsTests" name="Calling the solve method on a PuzzleState should find a solution(5, 2)" time="0.0">
                                                 
                                               </testcase><testcase classname="org.mq.frogsandtoads.FrogsAndToadsTests" name="Calling the solve method on a PuzzleState should find a solution(5, 3)" time="0.001">
                                                 
                                               </testcase><testcase classname="org.mq.frogsandtoads.FrogsAndToadsTests" name="Calling the solve method on a PuzzleState should find a solution(5, 4)" time="0.001">
                                                 
                                               </testcase><testcase classname="org.mq.frogsandtoads.FrogsAndToadsTests" name="Calling the solve method on a PuzzleState should find a solution(5, 5)" time="0.001">
                                                 
                                               </testcase><testcase classname="org.mq.frogsandtoads.FrogsAndToadsTests" name="Calling the solve method on a PuzzleState should find a solution(5, 6)" time="0.001">
                                                 
                                               </testcase><testcase classname="org.mq.frogsandtoads.FrogsAndToadsTests" name="Calling the solve method on a PuzzleState should find a solution(5, 7)" time="0.001">
                                                 
                                               </testcase><testcase classname="org.mq.frogsandtoads.FrogsAndToadsTests" name="Calling the solve method on a PuzzleState should find a solution(5, 8)" time="0.002">
                                                 
                                               </testcase><testcase classname="org.mq.frogsandtoads.FrogsAndToadsTests" name="Calling the solve method on a PuzzleState should find a solution(5, 9)" time="0.004">
                                                 
                                               </testcase><testcase classname="org.mq.frogsandtoads.FrogsAndToadsTests" name="Calling the solve method on a PuzzleState should find a solution(5, 10)" time="0.005">
                                                 
                                               </testcase><testcase classname="org.mq.frogsandtoads.FrogsAndToadsTests" name="Calling the solve method on a PuzzleState should find a solution(6, 1)" time="0.0">
                                                 
                                               </testcase><testcase classname="org.mq.frogsandtoads.FrogsAndToadsTests" name="Calling the solve method on a PuzzleState should find a solution(6, 2)" time="0.001">
                                                 
                                               </testcase><testcase classname="org.mq.frogsandtoads.FrogsAndToadsTests" name="Calling the solve method on a PuzzleState should find a solution(6, 3)" time="0.001">
                                                 
                                               </testcase><testcase classname="org.mq.frogsandtoads.FrogsAndToadsTests" name="Calling the solve method on a PuzzleState should find a solution(6, 4)" time="0.0">
                                                 
                                               </testcase><testcase classname="org.mq.frogsandtoads.FrogsAndToadsTests" name="Calling the solve method on a PuzzleState should find a solution(6, 5)" time="0.001">
                                                 
                                               </testcase><testcase classname="org.mq.frogsandtoads.FrogsAndToadsTests" name="Calling the solve method on a PuzzleState should find a solution(6, 6)" time="0.002">
                                                 
                                               </testcase><testcase classname="org.mq.frogsandtoads.FrogsAndToadsTests" name="Calling the solve method on a PuzzleState should find a solution(6, 7)" time="0.002">
                                                 
                                               </testcase><testcase classname="org.mq.frogsandtoads.FrogsAndToadsTests" name="Calling the solve method on a PuzzleState should find a solution(6, 8)" time="0.004">
                                                 
                                               </testcase><testcase classname="org.mq.frogsandtoads.FrogsAndToadsTests" name="Calling the solve method on a PuzzleState should find a solution(6, 9)" time="0.004">
                                                 
                                               </testcase><testcase classname="org.mq.frogsandtoads.FrogsAndToadsTests" name="Calling the solve method on a PuzzleState should find a solution(6, 10)" time="0.013">
                                                 
                                               </testcase><testcase classname="org.mq.frogsandtoads.FrogsAndToadsTests" name="Calling the solve method on a PuzzleState should find a solution(7, 1)" time="0.0">
                                                 
                                               </testcase><testcase classname="org.mq.frogsandtoads.FrogsAndToadsTests" name="Calling the solve method on a PuzzleState should find a solution(7, 2)" time="0.001">
                                                 
                                               </testcase><testcase classname="org.mq.frogsandtoads.FrogsAndToadsTests" name="Calling the solve method on a PuzzleState should find a solution(7, 3)" time="0.001">
                                                 
                                               </testcase><testcase classname="org.mq.frogsandtoads.FrogsAndToadsTests" name="Calling the solve method on a PuzzleState should find a solution(7, 4)" time="0.001">
                                                 
                                               </testcase><testcase classname="org.mq.frogsandtoads.FrogsAndToadsTests" name="Calling the solve method on a PuzzleState should find a solution(7, 5)" time="0.002">
                                                 
                                               </testcase><testcase classname="org.mq.frogsandtoads.FrogsAndToadsTests" name="Calling the solve method on a PuzzleState should find a solution(7, 6)" time="0.002">
                                                 
                                               </testcase><testcase classname="org.mq.frogsandtoads.FrogsAndToadsTests" name="Calling the solve method on a PuzzleState should find a solution(7, 7)" time="0.003">
                                                 
                                               </testcase><testcase classname="org.mq.frogsandtoads.FrogsAndToadsTests" name="Calling the solve method on a PuzzleState should find a solution(7, 8)" time="0.005">
                                                 
                                               </testcase><testcase classname="org.mq.frogsandtoads.FrogsAndToadsTests" name="Calling the solve method on a PuzzleState should find a solution(7, 9)" time="0.005">
                                                 
                                               </testcase><testcase classname="org.mq.frogsandtoads.FrogsAndToadsTests" name="Calling the solve method on a PuzzleState should find a solution(7, 10)" time="0.009">
                                                 
                                               </testcase><testcase classname="org.mq.frogsandtoads.FrogsAndToadsTests" name="Calling the solve method on a PuzzleState should find a solution(8, 1)" time="0.001">
                                                 
                                               </testcase><testcase classname="org.mq.frogsandtoads.FrogsAndToadsTests" name="Calling the solve method on a PuzzleState should find a solution(8, 2)" time="0.002">
                                                 
                                               </testcase><testcase classname="org.mq.frogsandtoads.FrogsAndToadsTests" name="Calling the solve method on a PuzzleState should find a solution(8, 3)" time="0.002">
                                                 
                                               </testcase><testcase classname="org.mq.frogsandtoads.FrogsAndToadsTests" name="Calling the solve method on a PuzzleState should find a solution(8, 4)" time="0.002">
                                                 
                                               </testcase><testcase classname="org.mq.frogsandtoads.FrogsAndToadsTests" name="Calling the solve method on a PuzzleState should find a solution(8, 5)" time="0.002">
                                                 
                                               </testcase><testcase classname="org.mq.frogsandtoads.FrogsAndToadsTests" name="Calling the solve method on a PuzzleState should find a solution(8, 6)" time="0.003">
                                                 
                                               </testcase><testcase classname="org.mq.frogsandtoads.FrogsAndToadsTests" name="Calling the solve method on a PuzzleState should find a solution(8, 7)" time="0.003">
                                                 
                                               </testcase><testcase classname="org.mq.frogsandtoads.FrogsAndToadsTests" name="Calling the solve method on a PuzzleState should find a solution(8, 8)" time="0.004">
                                                 
                                               </testcase><testcase classname="org.mq.frogsandtoads.FrogsAndToadsTests" name="Calling the solve method on a PuzzleState should find a solution(8, 9)" time="0.007">
                                                 
                                               </testcase><testcase classname="org.mq.frogsandtoads.FrogsAndToadsTests" name="Calling the solve method on a PuzzleState should find a solution(8, 10)" time="0.01">
                                                 
                                               </testcase><testcase classname="org.mq.frogsandtoads.FrogsAndToadsTests" name="Calling the solve method on a PuzzleState should find a solution(9, 1)" time="0.0">
                                                 
                                               </testcase><testcase classname="org.mq.frogsandtoads.FrogsAndToadsTests" name="Calling the solve method on a PuzzleState should find a solution(9, 2)" time="0.002">
                                                 
                                               </testcase><testcase classname="org.mq.frogsandtoads.FrogsAndToadsTests" name="Calling the solve method on a PuzzleState should find a solution(9, 3)" time="0.003">
                                                 
                                               </testcase><testcase classname="org.mq.frogsandtoads.FrogsAndToadsTests" name="Calling the solve method on a PuzzleState should find a solution(9, 4)" time="0.003">
                                                 
                                               </testcase><testcase classname="org.mq.frogsandtoads.FrogsAndToadsTests" name="Calling the solve method on a PuzzleState should find a solution(9, 5)" time="0.003">
                                                 
                                               </testcase><testcase classname="org.mq.frogsandtoads.FrogsAndToadsTests" name="Calling the solve method on a PuzzleState should find a solution(9, 6)" time="0.004">
                                                 
                                               </testcase><testcase classname="org.mq.frogsandtoads.FrogsAndToadsTests" name="Calling the solve method on a PuzzleState should find a solution(9, 7)" time="0.004">
                                                 
                                               </testcase><testcase classname="org.mq.frogsandtoads.FrogsAndToadsTests" name="Calling the solve method on a PuzzleState should find a solution(9, 8)" time="0.005">
                                                 
                                               </testcase><testcase classname="org.mq.frogsandtoads.FrogsAndToadsTests" name="Calling the solve method on a PuzzleState should find a solution(9, 9)" time="0.007">
                                                 
                                               </testcase><testcase classname="org.mq.frogsandtoads.FrogsAndToadsTests" name="Calling the solve method on a PuzzleState should find a solution(9, 10)" time="0.011">
                                                 
                                               </testcase><testcase classname="org.mq.frogsandtoads.FrogsAndToadsTests" name="Calling the solve method on a PuzzleState should find a solution(10, 1)" time="0.0">
                                                 
                                               </testcase><testcase classname="org.mq.frogsandtoads.FrogsAndToadsTests" name="Calling the solve method on a PuzzleState should find a solution(10, 2)" time="0.004">
                                                 
                                               </testcase><testcase classname="org.mq.frogsandtoads.FrogsAndToadsTests" name="Calling the solve method on a PuzzleState should find a solution(10, 3)" time="0.004">
                                                 
                                               </testcase><testcase classname="org.mq.frogsandtoads.FrogsAndToadsTests" name="Calling the solve method on a PuzzleState should find a solution(10, 4)" time="0.003">
                                                 
                                               </testcase><testcase classname="org.mq.frogsandtoads.FrogsAndToadsTests" name="Calling the solve method on a PuzzleState should find a solution(10, 5)" time="0.004">
                                                 
                                               </testcase><testcase classname="org.mq.frogsandtoads.FrogsAndToadsTests" name="Calling the solve method on a PuzzleState should find a solution(10, 6)" time="0.004">
                                                 
                                               </testcase><testcase classname="org.mq.frogsandtoads.FrogsAndToadsTests" name="Calling the solve method on a PuzzleState should find a solution(10, 7)" time="0.005">
                                                 
                                               </testcase><testcase classname="org.mq.frogsandtoads.FrogsAndToadsTests" name="Calling the solve method on a PuzzleState should find a solution(10, 8)" time="0.007">
                                                 
                                               </testcase><testcase classname="org.mq.frogsandtoads.FrogsAndToadsTests" name="Calling the solve method on a PuzzleState should find a solution(10, 9)" time="0.01">
                                                 
                                               </testcase><testcase classname="org.mq.frogsandtoads.FrogsAndToadsTests" name="Calling the solve method on a PuzzleState should find a solution(10, 10)" time="0.012">
                                                 
                                               </testcase><testcase classname="org.mq.frogsandtoads.FrogsAndToadsTests" name="Calling the solve method on a 4,4 PuzzleState should find a solution" time="0.001">
                                                 
                                               </testcase><testcase classname="org.mq.frogsandtoads.FrogsAndToadsTests" name="Calling the solve method on a 5,6 PuzzleState should find a solution" time="0.003">
                                                 
                                               </testcase>
                     <system-out><![CDATA[]]></system-out>
                     <system-err><![CDATA[]]></system-err>
                   </testsuite>