<?xml version='1.0' encoding='UTF-8'?>
<testsuite hostname="Hanness-MBP.modem" name="org.mq.frogsandtoads.FrogsAndToadsTests" tests="13" errors="0" failures="0" skipped="0" time="0.021" timestamp="2019-09-01T13:10:27">
                     <properties>
[...]
</properties>
                     <testcase classname="org.mq.frogsandtoads.FrogsAndToadsTests" name="A puzzle state with 5 frogs and 8 toads: should have 5 + 8 + 1 = 14 cells" time="0.012">
                                                 
                                               </testcase><testcase classname="org.mq.frogsandtoads.FrogsAndToadsTests" name="A puzzle state with 5 frogs and 8 toads: should have its empty cell at position 5" time="0.001">
                                                 
                                               </testcase><testcase classname="org.mq.frogsandtoads.FrogsAndToadsTests" name="A puzzle state with 5 frogs and 8 toads: should be constructed in the initial puzzle state" time="0.001">
                                                 
                                               </testcase><testcase classname="org.mq.frogsandtoads.FrogsAndToadsTests" name="A puzzle state with 5 frogs and 8 toads: should not be constructed in the terminal puzzle state" time="0.001">
                                                 
                                               </testcase><testcase classname="org.mq.frogsandtoads.FrogsAndToadsTests" name="A puzzle state with 5 frogs and 8 toads: should have initial state as [F|F|F|F|F| |T|T|T|T|T|T|T|T]" time="0.001">
                                                 
                                               </testcase><testcase classname="org.mq.frogsandtoads.FrogsAndToadsTests" name="The puzzle state obtained by sliding a single frog should have 3 frogs, a space, a frog, and 4 toads" time="0.001">
                                                 
                                               </testcase><testcase classname="org.mq.frogsandtoads.FrogsAndToadsTests" name="The puzzle state obtained by sliding a single toad should have 4 frogs, a toad, a space, and 3 toads" time="0.0">
                                                 
                                               </testcase><testcase classname="org.mq.frogsandtoads.FrogsAndToadsTests" name="The puzzle state obtained by making an invalid frog jump should return None" time="0.001">
                                                 
                                               </testcase><testcase classname="org.mq.frogsandtoads.FrogsAndToadsTests" name="The puzzle state obtained by making an invalid toad jump should return None" time="0.001">
                                                 
                                               </testcase><testcase classname="org.mq.frogsandtoads.FrogsAndToadsTests" name="Applying jumpFromLeft to the state [F|T| |F|T] should be legal and produce the state [ |T|F|F|T]" time="0.002">
                                                 
                                               </testcase><testcase classname="org.mq.frogsandtoads.FrogsAndToadsTests" name="Applying jumpFromLeft to the state [T|F| |T|F] should be illegal" time="0.0">
                                                 
                                               </testcase><testcase classname="org.mq.frogsandtoads.FrogsAndToadsTests" name="Applying jumpFromRight to the state [F|T| |F|T] should be legal and produce the state [F|T|T|F| ]" time="0.0">
                                                 
                                               </testcase><testcase classname="org.mq.frogsandtoads.FrogsAndToadsTests" name="Applying jumpFromRight to the state [T|F| |T|F] should be illegal" time="0.0">
                                                 
                                               </testcase>
                     <system-out><![CDATA[]]></system-out>
                     <system-err><![CDATA[]]></system-err>
                   </testsuite>