INFO  time: initialize in 0.3s
WARN  no build target: /Users/hannesventer/OneDrive - Macquarie University/Uni Work/2019 S2/COMP332/Assignment 1/comp332_a1/src/main/scala/FrogsAndToads.scala
WARN  no build target: /Users/hannesventer/OneDrive - Macquarie University/Uni Work/2019 S2/COMP332/Assignment 1/comp332_a1/src/main/scala/Main.scala
WARN  no build target: /Users/hannesventer/OneDrive - Macquarie University/Uni Work/2019 S2/COMP332/Assignment 1/comp332_a1/src/test/scala/FrogsAndToadsTests.scala
INFO  no build target: using presentation compiler with only scala-library
Aug 31, 2019 12:30:57 PM org.eclipse.lsp4j.jsonrpc.RemoteEndpoint handleCancellation
WARNING: Unmatched cancel notification for request id 1
Aug 31, 2019 12:30:57 PM org.eclipse.lsp4j.jsonrpc.RemoteEndpoint handleCancellation
WARNING: Unmatched cancel notification for request id 3
something's wrong: no file:///Users/hannesventer/OneDrive%20-%20Macquarie%20University/Uni%20Work/2019%20S2/COMP332/Assignment%201/comp332_a1/src/main/scala/FrogsAndToads.scala in Option[org.mq.frogsandtoads.PuzzleState]RangePosition(file:///Users/hannesventer/OneDrive%20-%20Macquarie%20University/Uni%20Work/2019%20S2/COMP332/Assignment%201/comp332_a1/src/main/scala/FrogsAndToads.scala, 1027, 1027, 1046)
something's wrong: no file:///Users/hannesventer/OneDrive%20-%20Macquarie%20University/Uni%20Work/2019%20S2/COMP332/Assignment%201/comp332_a1/src/main/scala/FrogsAndToads.scala in Option[org.mq.frogsandtoads.PuzzleState]RangePosition(file:///Users/hannesventer/OneDrive%20-%20Macquarie%20University/Uni%20Work/2019%20S2/COMP332/Assignment%201/comp332_a1/src/main/scala/FrogsAndToads.scala, 1027, 1027, 1046)
something's wrong: no file:///Users/hannesventer/OneDrive%20-%20Macquarie%20University/Uni%20Work/2019%20S2/COMP332/Assignment%201/comp332_a1/src/main/scala/FrogsAndToads.scala in Option[org.mq.frogsandtoads.PuzzleState]RangePosition(file:///Users/hannesventer/OneDrive%20-%20Macquarie%20University/Uni%20Work/2019%20S2/COMP332/Assignment%201/comp332_a1/src/main/scala/FrogsAndToads.scala, 1027, 1027, 1046)
something's wrong: no file:///Users/hannesventer/OneDrive%20-%20Macquarie%20University/Uni%20Work/2019%20S2/COMP332/Assignment%201/comp332_a1/src/main/scala/FrogsAndToads.scala in Option[org.mq.frogsandtoads.PuzzleState]RangePosition(file:///Users/hannesventer/OneDrive%20-%20Macquarie%20University/Uni%20Work/2019%20S2/COMP332/Assignment%201/comp332_a1/src/main/scala/FrogsAndToads.scala, 1027, 1027, 1046)
something's wrong: no file:///Users/hannesventer/OneDrive%20-%20Macquarie%20University/Uni%20Work/2019%20S2/COMP332/Assignment%201/comp332_a1/src/main/scala/FrogsAndToads.scala in Option[org.mq.frogsandtoads.PuzzleState]RangePosition(file:///Users/hannesventer/OneDrive%20-%20Macquarie%20University/Uni%20Work/2019%20S2/COMP332/Assignment%201/comp332_a1/src/main/scala/FrogsAndToads.scala, 1027, 1027, 1046)
something's wrong: no file:///Users/hannesventer/OneDrive%20-%20Macquarie%20University/Uni%20Work/2019%20S2/COMP332/Assignment%201/comp332_a1/src/main/scala/FrogsAndToads.scala in Option[org.mq.frogsandtoads.PuzzleState]RangePosition(file:///Users/hannesventer/OneDrive%20-%20Macquarie%20University/Uni%20Work/2019%20S2/COMP332/Assignment%201/comp332_a1/src/main/scala/FrogsAndToads.scala, 1027, 1027, 1046)
WARN  code navigation does not work for the file '/Users/hannesventer/OneDrive - Macquarie University/Uni Work/2019 S2/COMP332/Assignment 1/comp332_a1/src/main/scala/FrogsAndToads.scala' because it doesn't belong to a build target.
WARN  code navigation does not work for the file '/Users/hannesventer/OneDrive - Macquarie University/Uni Work/2019 S2/COMP332/Assignment 1/comp332_a1/src/main/scala/FrogsAndToads.scala' because it doesn't belong to a build target.
WARN  code navigation does not work for the file '/Users/hannesventer/OneDrive - Macquarie University/Uni Work/2019 S2/COMP332/Assignment 1/comp332_a1/src/main/scala/FrogsAndToads.scala' because it doesn't belong to a build target.
WARN  code navigation does not work for the file '/Users/hannesventer/OneDrive - Macquarie University/Uni Work/2019 S2/COMP332/Assignment 1/comp332_a1/src/main/scala/FrogsAndToads.scala' because it doesn't belong to a build target.
WARN  code navigation does not work for the file '/Users/hannesventer/OneDrive - Macquarie University/Uni Work/2019 S2/COMP332/Assignment 1/comp332_a1/src/main/scala/FrogsAndToads.scala' because it doesn't belong to a build target.
WARN  code navigation does not work for the file '/Users/hannesventer/OneDrive - Macquarie University/Uni Work/2019 S2/COMP332/Assignment 1/comp332_a1/src/main/scala/FrogsAndToads.scala' because it doesn't belong to a build target.
WARN  code navigation does not work for the file '/Users/hannesventer/OneDrive - Macquarie University/Uni Work/2019 S2/COMP332/Assignment 1/comp332_a1/src/main/scala/FrogsAndToads.scala' because it doesn't belong to a build target.
WARN  code navigation does not work for the file '/Users/hannesventer/OneDrive - Macquarie University/Uni Work/2019 S2/COMP332/Assignment 1/comp332_a1/src/main/scala/FrogsAndToads.scala' because it doesn't belong to a build target.
WARN  code navigation does not work for the file '/Users/hannesventer/OneDrive - Macquarie University/Uni Work/2019 S2/COMP332/Assignment 1/comp332_a1/src/main/scala/FrogsAndToads.scala' because it doesn't belong to a build target.
WARN  code navigation does not work for the file '/Users/hannesventer/OneDrive - Macquarie University/Uni Work/2019 S2/COMP332/Assignment 1/comp332_a1/src/main/scala/FrogsAndToads.scala' because it doesn't belong to a build target.
WARN  no build target: /Users/hannesventer/OneDrive - Macquarie University/Uni Work/2019 S2/COMP332/Assignment 1/comp332_a1/src/main/scala/FrogsAndToads.scala
something's wrong: no file:///Users/hannesventer/OneDrive%20-%20Macquarie%20University/Uni%20Work/2019%20S2/COMP332/Assignment%201/comp332_a1/src/main/scala/FrogsAndToads.scala in Seq[org.mq.frogsandtoads.PuzzleState]RangePosition(file:///Users/hannesventer/OneDrive%20-%20Macquarie%20University/Uni%20Work/2019%20S2/COMP332/Assignment%201/comp332_a1/src/main/scala/FrogsAndToads.scala, 2792, 2792, 2808)
something's wrong: no file:///Users/hannesventer/OneDrive%20-%20Macquarie%20University/Uni%20Work/2019%20S2/COMP332/Assignment%201/comp332_a1/src/main/scala/FrogsAndToads.scala in Vector[org.mq.frogsandtoads.PuzzleState.Cell]RangePosition(file:///Users/hannesventer/OneDrive%20-%20Macquarie%20University/Uni%20Work/2019%20S2/COMP332/Assignment%201/comp332_a1/src/main/scala/FrogsAndToads.scala, 536, 536, 560)
Aug 31, 2019 1:44:25 PM scala.meta.internal.pc.CompilerAccess handleError
SEVERE: null
java.lang.NullPointerException
	at scala.meta.internal.pc.HoverProvider.seenFromType(HoverProvider.scala:106)
	at scala.meta.internal.pc.HoverProvider.hover(HoverProvider.scala:42)

WARN  code navigation does not work for the file '/Users/hannesventer/OneDrive - Macquarie University/Uni Work/2019 S2/COMP332/Assignment 1/comp332_a1/src/main/scala/FrogsAndToads.scala' because it doesn't belong to a build target.
WARN  code navigation does not work for the file '/Users/hannesventer/OneDrive - Macquarie University/Uni Work/2019 S2/COMP332/Assignment 1/comp332_a1/src/main/scala/FrogsAndToads.scala' because it doesn't belong to a build target.
WARN  no build target: /Users/hannesventer/OneDrive - Macquarie University/Uni Work/2019 S2/COMP332/Assignment 1/comp332_a1/src/main/scala/FrogsAndToads.scala
Aug 31, 2019 1:58:38 PM scala.meta.internal.pc.CompilerAccess handleError
SEVERE: null
java.lang.NullPointerException
	at scala.meta.internal.pc.HoverProvider.seenFromType(HoverProvider.scala:106)
	at scala.meta.internal.pc.HoverProvider.hover(HoverProvider.scala:42)

WARN  no build target: /Users/hannesventer/OneDrive - Macquarie University/Uni Work/2019 S2/COMP332/Assignment 1/comp332_a1/src/main/scala/FrogsAndToads.scala
WARN  no build target: /Users/hannesventer/OneDrive - Macquarie University/Uni Work/2019 S2/COMP332/Assignment 1/comp332_a1/src/main/scala/FrogsAndToads.scala
WARN  no build target: /Users/hannesventer/OneDrive - Macquarie University/Uni Work/2019 S2/COMP332/Assignment 1/comp332_a1/src/main/scala/FrogsAndToads.scala
WARN  no build target: /Users/hannesventer/OneDrive - Macquarie University/Uni Work/2019 S2/COMP332/Assignment 1/comp332_a1/src/main/scala/FrogsAndToads.scala
WARN  no build target: /Users/hannesventer/OneDrive - Macquarie University/Uni Work/2019 S2/COMP332/Assignment 1/comp332_a1/src/main/scala/FrogsAndToads.scala
Aug 31, 2019 2:30:53 PM scala.meta.internal.pc.CompilerAccess handleError
SEVERE: null
java.lang.NullPointerException
	at scala.meta.internal.pc.HoverProvider.seenFromType(HoverProvider.scala:106)
	at scala.meta.internal.pc.HoverProvider.hover(HoverProvider.scala:42)

Aug 31, 2019 2:32:06 PM org.eclipse.lsp4j.jsonrpc.RemoteEndpoint handleCancellation
WARNING: Unmatched cancel notification for request id 1660
Aug 31, 2019 2:53:44 PM scala.meta.internal.pc.CompilerAccess handleError
SEVERE: null
java.lang.NullPointerException
	at scala.meta.internal.pc.HoverProvider.hover(HoverProvider.scala:37)

WARN  no build target: /Users/hannesventer/OneDrive - Macquarie University/Uni Work/2019 S2/COMP332/Assignment 1/comp332_a1/src/main/scala/FrogsAndToads.scala
WARN  no build target: /Users/hannesventer/OneDrive - Macquarie University/Uni Work/2019 S2/COMP332/Assignment 1/comp332_a1/src/main/scala/FrogsAndToads.scala
WARN  no build target: /Users/hannesventer/OneDrive - Macquarie University/Uni Work/2019 S2/COMP332/Assignment 1/comp332_a1/src/main/scala/FrogsAndToads.scala
WARN  no build target: /Users/hannesventer/OneDrive - Macquarie University/Uni Work/2019 S2/COMP332/Assignment 1/comp332_a1/src/main/scala/FrogsAndToads.scala
WARN  no build target: /Users/hannesventer/OneDrive - Macquarie University/Uni Work/2019 S2/COMP332/Assignment 1/comp332_a1/src/main/scala/FrogsAndToads.scala
WARN  no build target: /Users/hannesventer/OneDrive - Macquarie University/Uni Work/2019 S2/COMP332/Assignment 1/comp332_a1/src/main/scala/FrogsAndToads.scala
WARN  code navigation does not work for the file '/Users/hannesventer/OneDrive - Macquarie University/Uni Work/2019 S2/COMP332/Assignment 1/comp332_a1/src/main/scala/FrogsAndToads.scala' because it doesn't belong to a build target.
WARN  code navigation does not work for the file '/Users/hannesventer/OneDrive - Macquarie University/Uni Work/2019 S2/COMP332/Assignment 1/comp332_a1/src/main/scala/FrogsAndToads.scala' because it doesn't belong to a build target.
WARN  no build target: /Users/hannesventer/OneDrive - Macquarie University/Uni Work/2019 S2/COMP332/Assignment 1/comp332_a1/src/main/scala/FrogsAndToads.scala
WARN  no build target: /Users/hannesventer/OneDrive - Macquarie University/Uni Work/2019 S2/COMP332/Assignment 1/comp332_a1/src/main/scala/FrogsAndToads.scala
WARN  code navigation does not work for the file '/Users/hannesventer/OneDrive - Macquarie University/Uni Work/2019 S2/COMP332/Assignment 1/comp332_a1/src/main/scala/FrogsAndToads.scala' because it doesn't belong to a build target.
WARN  code navigation does not work for the file '/Users/hannesventer/OneDrive - Macquarie University/Uni Work/2019 S2/COMP332/Assignment 1/comp332_a1/src/main/scala/FrogsAndToads.scala' because it doesn't belong to a build target.
WARN  code navigation does not work for the file '/Users/hannesventer/OneDrive - Macquarie University/Uni Work/2019 S2/COMP332/Assignment 1/comp332_a1/src/main/scala/FrogsAndToads.scala' because it doesn't belong to a build target.
WARN  code navigation does not work for the file '/Users/hannesventer/OneDrive - Macquarie University/Uni Work/2019 S2/COMP332/Assignment 1/comp332_a1/src/main/scala/FrogsAndToads.scala' because it doesn't belong to a build target.
WARN  no build target: /Users/hannesventer/OneDrive - Macquarie University/Uni Work/2019 S2/COMP332/Assignment 1/comp332_a1/src/main/scala/FrogsAndToads.scala
WARN  no build target: /Users/hannesventer/OneDrive - Macquarie University/Uni Work/2019 S2/COMP332/Assignment 1/comp332_a1/src/main/scala/FrogsAndToads.scala
WARN  no build target: /Users/hannesventer/OneDrive - Macquarie University/Uni Work/2019 S2/COMP332/Assignment 1/comp332_a1/src/main/scala/FrogsAndToads.scala
WARN  code navigation does not work for the file '/Users/hannesventer/OneDrive - Macquarie University/Uni Work/2019 S2/COMP332/Assignment 1/comp332_a1/src/main/scala/FrogsAndToads.scala' because it doesn't belong to a build target.
WARN  code navigation does not work for the file '/Users/hannesventer/OneDrive - Macquarie University/Uni Work/2019 S2/COMP332/Assignment 1/comp332_a1/src/main/scala/FrogsAndToads.scala' because it doesn't belong to a build target.
WARN  code navigation does not work for the file '/Users/hannesventer/OneDrive - Macquarie University/Uni Work/2019 S2/COMP332/Assignment 1/comp332_a1/src/main/scala/FrogsAndToads.scala' because it doesn't belong to a build target.
WARN  code navigation does not work for the file '/Users/hannesventer/OneDrive - Macquarie University/Uni Work/2019 S2/COMP332/Assignment 1/comp332_a1/src/main/scala/FrogsAndToads.scala' because it doesn't belong to a build target.
WARN  no build target: /Users/hannesventer/OneDrive - Macquarie University/Uni Work/2019 S2/COMP332/Assignment 1/comp332_a1/src/main/scala/FrogsAndToads.scala
WARN  no build target: /Users/hannesventer/OneDrive - Macquarie University/Uni Work/2019 S2/COMP332/Assignment 1/comp332_a1/src/main/scala/FrogsAndToads.scala
WARN  code navigation does not work for the file '/Users/hannesventer/OneDrive - Macquarie University/Uni Work/2019 S2/COMP332/Assignment 1/comp332_a1/src/main/scala/FrogsAndToads.scala' because it doesn't belong to a build target.
WARN  code navigation does not work for the file '/Users/hannesventer/OneDrive - Macquarie University/Uni Work/2019 S2/COMP332/Assignment 1/comp332_a1/src/main/scala/FrogsAndToads.scala' because it doesn't belong to a build target.
WARN  no build target: /Users/hannesventer/OneDrive - Macquarie University/Uni Work/2019 S2/COMP332/Assignment 1/comp332_a1/src/main/scala/FrogsAndToads.scala
WARN  no build target: /Users/hannesventer/OneDrive - Macquarie University/Uni Work/2019 S2/COMP332/Assignment 1/comp332_a1/src/main/scala/FrogsAndToads.scala
WARN  code navigation does not work for the file '/Users/hannesventer/OneDrive - Macquarie University/Uni Work/2019 S2/COMP332/Assignment 1/comp332_a1/src/main/scala/FrogsAndToads.scala' because it doesn't belong to a build target.
WARN  code navigation does not work for the file '/Users/hannesventer/OneDrive - Macquarie University/Uni Work/2019 S2/COMP332/Assignment 1/comp332_a1/src/main/scala/FrogsAndToads.scala' because it doesn't belong to a build target.
WARN  code navigation does not work for the file '/Users/hannesventer/OneDrive - Macquarie University/Uni Work/2019 S2/COMP332/Assignment 1/comp332_a1/src/main/scala/FrogsAndToads.scala' because it doesn't belong to a build target.
WARN  code navigation does not work for the file '/Users/hannesventer/OneDrive - Macquarie University/Uni Work/2019 S2/COMP332/Assignment 1/comp332_a1/src/main/scala/FrogsAndToads.scala' because it doesn't belong to a build target.
WARN  code navigation does not work for the file '/Users/hannesventer/OneDrive - Macquarie University/Uni Work/2019 S2/COMP332/Assignment 1/comp332_a1/src/main/scala/FrogsAndToads.scala' because it doesn't belong to a build target.
WARN  code navigation does not work for the file '/Users/hannesventer/OneDrive - Macquarie University/Uni Work/2019 S2/COMP332/Assignment 1/comp332_a1/src/main/scala/FrogsAndToads.scala' because it doesn't belong to a build target.
WARN  no build target: /Users/hannesventer/OneDrive - Macquarie University/Uni Work/2019 S2/COMP332/Assignment 1/comp332_a1/src/main/scala/FrogsAndToads.scala
WARN  no build target: /Users/hannesventer/OneDrive - Macquarie University/Uni Work/2019 S2/COMP332/Assignment 1/comp332_a1/src/main/scala/FrogsAndToads.scala
WARN  code navigation does not work for the file '/Users/hannesventer/OneDrive - Macquarie University/Uni Work/2019 S2/COMP332/Assignment 1/comp332_a1/src/main/scala/FrogsAndToads.scala' because it doesn't belong to a build target.
WARN  code navigation does not work for the file '/Users/hannesventer/OneDrive - Macquarie University/Uni Work/2019 S2/COMP332/Assignment 1/comp332_a1/src/main/scala/FrogsAndToads.scala' because it doesn't belong to a build target.
WARN  no build target: /Users/hannesventer/OneDrive - Macquarie University/Uni Work/2019 S2/COMP332/Assignment 1/comp332_a1/src/main/scala/FrogsAndToads.scala
WARN  no build target: /Users/hannesventer/OneDrive - Macquarie University/Uni Work/2019 S2/COMP332/Assignment 1/comp332_a1/src/main/scala/FrogsAndToads.scala
WARN  no build target: /Users/hannesventer/OneDrive - Macquarie University/Uni Work/2019 S2/COMP332/Assignment 1/comp332_a1/src/main/scala/FrogsAndToads.scala
WARN  no build target: /Users/hannesventer/OneDrive - Macquarie University/Uni Work/2019 S2/COMP332/Assignment 1/comp332_a1/src/main/scala/FrogsAndToads.scala
WARN  no build target: /Users/hannesventer/OneDrive - Macquarie University/Uni Work/2019 S2/COMP332/Assignment 1/comp332_a1/src/main/scala/FrogsAndToads.scala
WARN  no build target: /Users/hannesventer/OneDrive - Macquarie University/Uni Work/2019 S2/COMP332/Assignment 1/comp332_a1/src/main/scala/FrogsAndToads.scala
WARN  no build target: /Users/hannesventer/OneDrive - Macquarie University/Uni Work/2019 S2/COMP332/Assignment 1/comp332_a1/src/main/scala/FrogsAndToads.scala
WARN  no build target: /Users/hannesventer/OneDrive - Macquarie University/Uni Work/2019 S2/COMP332/Assignment 1/comp332_a1/src/main/scala/FrogsAndToads.scala
WARN  code navigation does not work for the file '/Users/hannesventer/OneDrive - Macquarie University/Uni Work/2019 S2/COMP332/Assignment 1/comp332_a1/src/main/scala/FrogsAndToads.scala' because it doesn't belong to a build target.
WARN  code navigation does not work for the file '/Users/hannesventer/OneDrive - Macquarie University/Uni Work/2019 S2/COMP332/Assignment 1/comp332_a1/src/main/scala/FrogsAndToads.scala' because it doesn't belong to a build target.
WARN  no build target: /Users/hannesventer/OneDrive - Macquarie University/Uni Work/2019 S2/COMP332/Assignment 1/comp332_a1/src/main/scala/FrogsAndToads.scala
WARN  no build target: /Users/hannesventer/OneDrive - Macquarie University/Uni Work/2019 S2/COMP332/Assignment 1/comp332_a1/src/main/scala/FrogsAndToads.scala
WARN  no build target: /Users/hannesventer/OneDrive - Macquarie University/Uni Work/2019 S2/COMP332/Assignment 1/comp332_a1/src/main/scala/FrogsAndToads.scala
WARN  code navigation does not work for the file '/Users/hannesventer/OneDrive - Macquarie University/Uni Work/2019 S2/COMP332/Assignment 1/comp332_a1/src/main/scala/FrogsAndToads.scala' because it doesn't belong to a build target.
WARN  code navigation does not work for the file '/Users/hannesventer/OneDrive - Macquarie University/Uni Work/2019 S2/COMP332/Assignment 1/comp332_a1/src/main/scala/FrogsAndToads.scala' because it doesn't belong to a build target.
WARN  code navigation does not work for the file '/Users/hannesventer/OneDrive - Macquarie University/Uni Work/2019 S2/COMP332/Assignment 1/comp332_a1/src/main/scala/FrogsAndToads.scala' because it doesn't belong to a build target.
WARN  code navigation does not work for the file '/Users/hannesventer/OneDrive - Macquarie University/Uni Work/2019 S2/COMP332/Assignment 1/comp332_a1/src/main/scala/FrogsAndToads.scala' because it doesn't belong to a build target.
WARN  no build target: /Users/hannesventer/OneDrive - Macquarie University/Uni Work/2019 S2/COMP332/Assignment 1/comp332_a1/src/main/scala/FrogsAndToads.scala
WARN  code navigation does not work for the file '/Users/hannesventer/OneDrive - Macquarie University/Uni Work/2019 S2/COMP332/Assignment 1/comp332_a1/src/main/scala/FrogsAndToads.scala' because it doesn't belong to a build target.
WARN  code navigation does not work for the file '/Users/hannesventer/OneDrive - Macquarie University/Uni Work/2019 S2/COMP332/Assignment 1/comp332_a1/src/main/scala/FrogsAndToads.scala' because it doesn't belong to a build target.
WARN  code navigation does not work for the file '/Users/hannesventer/OneDrive - Macquarie University/Uni Work/2019 S2/COMP332/Assignment 1/comp332_a1/src/main/scala/FrogsAndToads.scala' because it doesn't belong to a build target.
WARN  code navigation does not work for the file '/Users/hannesventer/OneDrive - Macquarie University/Uni Work/2019 S2/COMP332/Assignment 1/comp332_a1/src/main/scala/FrogsAndToads.scala' because it doesn't belong to a build target.
WARN  no build target: /Users/hannesventer/OneDrive - Macquarie University/Uni Work/2019 S2/COMP332/Assignment 1/comp332_a1/src/main/scala/FrogsAndToads.scala
WARN  no build target: /Users/hannesventer/OneDrive - Macquarie University/Uni Work/2019 S2/COMP332/Assignment 1/comp332_a1/src/main/scala/FrogsAndToads.scala
WARN  code navigation does not work for the file '/Users/hannesventer/OneDrive - Macquarie University/Uni Work/2019 S2/COMP332/Assignment 1/comp332_a1/src/main/scala/FrogsAndToads.scala' because it doesn't belong to a build target.
WARN  code navigation does not work for the file '/Users/hannesventer/OneDrive - Macquarie University/Uni Work/2019 S2/COMP332/Assignment 1/comp332_a1/src/main/scala/FrogsAndToads.scala' because it doesn't belong to a build target.
WARN  no build target: /Users/hannesventer/OneDrive - Macquarie University/Uni Work/2019 S2/COMP332/Assignment 1/comp332_a1/src/main/scala/FrogsAndToads.scala
something's wrong: no file:///Users/hannesventer/OneDrive%20-%20Macquarie%20University/Uni%20Work/2019%20S2/COMP332/Assignment%201/comp332_a1/src/main/scala/FrogsAndToads.scala in Vector[org.mq.frogsandtoads.PuzzleState.Cell]RangePosition(file:///Users/hannesventer/OneDrive%20-%20Macquarie%20University/Uni%20Work/2019%20S2/COMP332/Assignment%201/comp332_a1/src/main/scala/FrogsAndToads.scala, 536, 536, 560)
WARN  no build target: /Users/hannesventer/OneDrive - Macquarie University/Uni Work/2019 S2/COMP332/Assignment 1/comp332_a1/src/main/scala/FrogsAndToads.scala
WARN  no build target: /Users/hannesventer/OneDrive - Macquarie University/Uni Work/2019 S2/COMP332/Assignment 1/comp332_a1/src/main/scala/FrogsAndToads.scala
WARN  code navigation does not work for the file '/Users/hannesventer/OneDrive - Macquarie University/Uni Work/2019 S2/COMP332/Assignment 1/comp332_a1/src/main/scala/FrogsAndToads.scala' because it doesn't belong to a build target.
WARN  code navigation does not work for the file '/Users/hannesventer/OneDrive - Macquarie University/Uni Work/2019 S2/COMP332/Assignment 1/comp332_a1/src/main/scala/FrogsAndToads.scala' because it doesn't belong to a build target.
WARN  code navigation does not work for the file '/Users/hannesventer/OneDrive - Macquarie University/Uni Work/2019 S2/COMP332/Assignment 1/comp332_a1/src/main/scala/FrogsAndToads.scala' because it doesn't belong to a build target.
WARN  code navigation does not work for the file '/Users/hannesventer/OneDrive - Macquarie University/Uni Work/2019 S2/COMP332/Assignment 1/comp332_a1/src/main/scala/FrogsAndToads.scala' because it doesn't belong to a build target.
WARN  no build target: /Users/hannesventer/OneDrive - Macquarie University/Uni Work/2019 S2/COMP332/Assignment 1/comp332_a1/src/main/scala/FrogsAndToads.scala
WARN  no build target: /Users/hannesventer/OneDrive - Macquarie University/Uni Work/2019 S2/COMP332/Assignment 1/comp332_a1/src/main/scala/FrogsAndToads.scala
WARN  code navigation does not work for the file '/Users/hannesventer/OneDrive - Macquarie University/Uni Work/2019 S2/COMP332/Assignment 1/comp332_a1/src/main/scala/FrogsAndToads.scala' because it doesn't belong to a build target.
WARN  code navigation does not work for the file '/Users/hannesventer/OneDrive - Macquarie University/Uni Work/2019 S2/COMP332/Assignment 1/comp332_a1/src/main/scala/FrogsAndToads.scala' because it doesn't belong to a build target.
WARN  no build target: /Users/hannesventer/OneDrive - Macquarie University/Uni Work/2019 S2/COMP332/Assignment 1/comp332_a1/src/main/scala/FrogsAndToads.scala
WARN  no build target: /Users/hannesventer/OneDrive - Macquarie University/Uni Work/2019 S2/COMP332/Assignment 1/comp332_a1/src/main/scala/FrogsAndToads.scala
WARN  code navigation does not work for the file '/Users/hannesventer/OneDrive - Macquarie University/Uni Work/2019 S2/COMP332/Assignment 1/comp332_a1/src/main/scala/FrogsAndToads.scala' because it doesn't belong to a build target.
WARN  code navigation does not work for the file '/Users/hannesventer/OneDrive - Macquarie University/Uni Work/2019 S2/COMP332/Assignment 1/comp332_a1/src/main/scala/FrogsAndToads.scala' because it doesn't belong to a build target.
WARN  no build target: /Users/hannesventer/OneDrive - Macquarie University/Uni Work/2019 S2/COMP332/Assignment 1/comp332_a1/src/main/scala/FrogsAndToads.scala
WARN  no build target: /Users/hannesventer/OneDrive - Macquarie University/Uni Work/2019 S2/COMP332/Assignment 1/comp332_a1/src/main/scala/FrogsAndToads.scala
WARN  no build target: /Users/hannesventer/OneDrive - Macquarie University/Uni Work/2019 S2/COMP332/Assignment 1/comp332_a1/src/main/scala/FrogsAndToads.scala
WARN  no build target: /Users/hannesventer/OneDrive - Macquarie University/Uni Work/2019 S2/COMP332/Assignment 1/comp332_a1/src/main/scala/FrogsAndToads.scala
WARN  no build target: /Users/hannesventer/OneDrive - Macquarie University/Uni Work/2019 S2/COMP332/Assignment 1/comp332_a1/src/main/scala/FrogsAndToads.scala
WARN  no build target: /Users/hannesventer/OneDrive - Macquarie University/Uni Work/2019 S2/COMP332/Assignment 1/comp332_a1/src/main/scala/FrogsAndToads.scala
WARN  no build target: /Users/hannesventer/OneDrive - Macquarie University/Uni Work/2019 S2/COMP332/Assignment 1/comp332_a1/src/main/scala/FrogsAndToads.scala
WARN  no build target: /Users/hannesventer/OneDrive - Macquarie University/Uni Work/2019 S2/COMP332/Assignment 1/comp332_a1/src/main/scala/FrogsAndToads.scala
WARN  no build target: /Users/hannesventer/OneDrive - Macquarie University/Uni Work/2019 S2/COMP332/Assignment 1/comp332_a1/src/main/scala/FrogsAndToads.scala
WARN  no build target: /Users/hannesventer/OneDrive - Macquarie University/Uni Work/2019 S2/COMP332/Assignment 1/comp332_a1/src/main/scala/FrogsAndToads.scala
WARN  no build target: /Users/hannesventer/OneDrive - Macquarie University/Uni Work/2019 S2/COMP332/Assignment 1/comp332_a1/src/test/scala/FrogsAndToadsTests.scala
WARN  no build target: /Users/hannesventer/OneDrive - Macquarie University/Uni Work/2019 S2/COMP332/Assignment 1/comp332_a1/src/test/scala/FrogsAndToadsTests.scala
WARN  no build target: /Users/hannesventer/OneDrive - Macquarie University/Uni Work/2019 S2/COMP332/Assignment 1/comp332_a1/src/test/scala/FrogsAndToadsTests.scala
WARN  no build target: /Users/hannesventer/OneDrive - Macquarie University/Uni Work/2019 S2/COMP332/Assignment 1/comp332_a1/src/test/scala/FrogsAndToadsTests.scala
WARN  no build target: /Users/hannesventer/OneDrive - Macquarie University/Uni Work/2019 S2/COMP332/Assignment 1/comp332_a1/src/test/scala/FrogsAndToadsTests.scala
WARN  no build target: /Users/hannesventer/OneDrive - Macquarie University/Uni Work/2019 S2/COMP332/Assignment 1/comp332_a1/src/test/scala/FrogsAndToadsTests.scala
WARN  no build target: /Users/hannesventer/OneDrive - Macquarie University/Uni Work/2019 S2/COMP332/Assignment 1/comp332_a1/src/test/scala/FrogsAndToadsTests.scala
WARN  code navigation does not work for the file '/Users/hannesventer/OneDrive - Macquarie University/Uni Work/2019 S2/COMP332/Assignment 1/comp332_a1/src/test/scala/FrogsAndToadsTests.scala' because it doesn't belong to a build target.
WARN  code navigation does not work for the file '/Users/hannesventer/OneDrive - Macquarie University/Uni Work/2019 S2/COMP332/Assignment 1/comp332_a1/src/test/scala/FrogsAndToadsTests.scala' because it doesn't belong to a build target.
WARN  code navigation does not work for the file '/Users/hannesventer/OneDrive - Macquarie University/Uni Work/2019 S2/COMP332/Assignment 1/comp332_a1/src/test/scala/FrogsAndToadsTests.scala' because it doesn't belong to a build target.
WARN  code navigation does not work for the file '/Users/hannesventer/OneDrive - Macquarie University/Uni Work/2019 S2/COMP332/Assignment 1/comp332_a1/src/test/scala/FrogsAndToadsTests.scala' because it doesn't belong to a build target.
WARN  code navigation does not work for the file '/Users/hannesventer/OneDrive - Macquarie University/Uni Work/2019 S2/COMP332/Assignment 1/comp332_a1/src/test/scala/FrogsAndToadsTests.scala' because it doesn't belong to a build target.
WARN  code navigation does not work for the file '/Users/hannesventer/OneDrive - Macquarie University/Uni Work/2019 S2/COMP332/Assignment 1/comp332_a1/src/test/scala/FrogsAndToadsTests.scala' because it doesn't belong to a build target.
WARN  no build target: /Users/hannesventer/OneDrive - Macquarie University/Uni Work/2019 S2/COMP332/Assignment 1/comp332_a1/src/test/scala/FrogsAndToadsTests.scala
WARN  code navigation does not work for the file '/Users/hannesventer/OneDrive - Macquarie University/Uni Work/2019 S2/COMP332/Assignment 1/comp332_a1/src/test/scala/FrogsAndToadsTests.scala' because it doesn't belong to a build target.
WARN  code navigation does not work for the file '/Users/hannesventer/OneDrive - Macquarie University/Uni Work/2019 S2/COMP332/Assignment 1/comp332_a1/src/test/scala/FrogsAndToadsTests.scala' because it doesn't belong to a build target.
Aug 31, 2019 6:35:05 PM org.eclipse.lsp4j.jsonrpc.RemoteEndpoint fallbackResponseError
SEVERE: Internal error: java.lang.IllegalArgumentException: -1 is not a valid offset, allowed [0..0]
java.util.concurrent.CompletionException: java.lang.IllegalArgumentException: -1 is not a valid offset, allowed [0..0]
	at java.util.concurrent.CompletableFuture.encodeThrowable(CompletableFuture.java:292)
	at java.util.concurrent.CompletableFuture.completeThrowable(CompletableFuture.java:308)
	at java.util.concurrent.CompletableFuture.uniAccept(CompletableFuture.java:647)
	at java.util.concurrent.CompletableFuture$UniAccept.tryFire(CompletableFuture.java:632)
	at java.util.concurrent.CompletableFuture.postComplete(CompletableFuture.java:474)
	at java.util.concurrent.CompletableFuture.completeExceptionally(CompletableFuture.java:1977)
	at scala.meta.internal.metals.CancelTokens$.$anonfun$future$1(CancelTokens.scala:38)
	at scala.meta.internal.metals.CancelTokens$.$anonfun$future$1$adapted(CancelTokens.scala:36)
	at scala.concurrent.impl.CallbackRunnable.run(Promise.scala:64)
	at java.util.concurrent.ThreadPoolExecutor.runWorker(ThreadPoolExecutor.java:1149)
	at java.util.concurrent.ThreadPoolExecutor$Worker.run(ThreadPoolExecutor.java:624)
	at java.lang.Thread.run(Thread.java:748)
Caused by: java.lang.IllegalArgumentException: -1 is not a valid offset, allowed [0..0]
	at scala.meta.internal.inputs.InternalInput.offsetToLine(InternalInput.scala:41)
	at scala.meta.internal.inputs.InternalInput.offsetToLine$(InternalInput.scala:35)
	at scala.meta.inputs.Input$VirtualFile.offsetToLine(Input.scala:74)
	at scala.meta.inputs.Position$Range.startLine(Position.scala:37)
	at scala.meta.internal.mtags.MtagsEnrichments$XtensionPositionLsp.toLSP(MtagsEnrichments.scala:298)
	at scala.meta.internal.metals.TokenEditDistance.toRevised(TokenEditDistance.scala:126)
	at scala.meta.internal.metals.FoldingRangeExtractor.extractFrom(FoldingRangeExtractor.scala:33)
	at scala.meta.internal.metals.FoldingRangeExtractor.$anonfun$extractFrom$2(FoldingRangeExtractor.scala:51)
	at scala.meta.internal.metals.FoldingRangeExtractor.$anonfun$extractFrom$2$adapted(FoldingRangeExtractor.scala:46)
	at scala.collection.immutable.List.foreach(List.scala:392)
	at scala.meta.internal.metals.FoldingRangeExtractor.extractFrom(FoldingRangeExtractor.scala:46)
	at scala.meta.internal.metals.FoldingRangeExtractor.$anonfun$extractFrom$2(FoldingRangeExtractor.scala:51)
	at scala.meta.internal.metals.FoldingRangeExtractor.$anonfun$extractFrom$2$adapted(FoldingRangeExtractor.scala:46)
	at scala.collection.immutable.List.foreach(List.scala:392)
	at scala.meta.internal.metals.FoldingRangeExtractor.extractFrom(FoldingRangeExtractor.scala:46)
	at scala.meta.internal.metals.FoldingRangeExtractor.$anonfun$extractFrom$2(FoldingRangeExtractor.scala:51)
	at scala.meta.internal.metals.FoldingRangeExtractor.$anonfun$extractFrom$2$adapted(FoldingRangeExtractor.scala:46)
	at scala.collection.immutable.List.foreach(List.scala:392)
	at scala.meta.internal.metals.FoldingRangeExtractor.extractFrom(FoldingRangeExtractor.scala:46)
	at scala.meta.internal.metals.FoldingRangeExtractor.extract(FoldingRangeExtractor.scala:25)
	at scala.meta.internal.metals.FoldingRangeProvider.$anonfun$getRangedFor$1(FoldingRangeProvider.scala:24)
	at scala.Option.map(Option.scala:163)
	at scala.meta.internal.metals.FoldingRangeProvider.getRangedFor(FoldingRangeProvider.scala:20)
	at scala.meta.internal.metals.MetalsLanguageServer.$anonfun$foldingRange$1(MetalsLanguageServer.scala:966)
	at scala.meta.internal.metals.CancelTokens$.$anonfun$apply$2(CancelTokens.scala:24)
	at scala.concurrent.Future$.$anonfun$apply$1(Future.scala:658)
	at scala.util.Success.$anonfun$map$1(Try.scala:255)
	at scala.util.Success.map(Try.scala:213)
	at scala.concurrent.Future.$anonfun$map$1(Future.scala:292)
	at scala.concurrent.impl.Promise.liftedTree1$1(Promise.scala:33)
	at scala.concurrent.impl.Promise.$anonfun$transform$1(Promise.scala:33)
	... 4 more

WARN  code navigation does not work for the file '/Users/hannesventer/OneDrive - Macquarie University/Uni Work/2019 S2/COMP332/Assignment 1/comp332_a1/src/test/scala/FrogsAndToadsTests.scala' because it doesn't belong to a build target.
WARN  code navigation does not work for the file '/Users/hannesventer/OneDrive - Macquarie University/Uni Work/2019 S2/COMP332/Assignment 1/comp332_a1/src/test/scala/FrogsAndToadsTests.scala' because it doesn't belong to a build target.
Aug 31, 2019 6:36:22 PM scala.meta.internal.pc.CompilerAccess handleError
SEVERE: null
java.lang.NullPointerException
	at scala.meta.internal.pc.HoverProvider.seenFromType(HoverProvider.scala:106)
	at scala.meta.internal.pc.HoverProvider.hover(HoverProvider.scala:42)

WARN  no build target: /Users/hannesventer/OneDrive - Macquarie University/Uni Work/2019 S2/COMP332/Assignment 1/comp332_a1/src/test/scala/FrogsAndToadsTests.scala
WARN  no build target: /Users/hannesventer/OneDrive - Macquarie University/Uni Work/2019 S2/COMP332/Assignment 1/comp332_a1/src/test/scala/FrogsAndToadsTests.scala
WARN  code navigation does not work for the file '/Users/hannesventer/OneDrive - Macquarie University/Uni Work/2019 S2/COMP332/Assignment 1/comp332_a1/src/test/scala/FrogsAndToadsTests.scala' because it doesn't belong to a build target.
WARN  code navigation does not work for the file '/Users/hannesventer/OneDrive - Macquarie University/Uni Work/2019 S2/COMP332/Assignment 1/comp332_a1/src/test/scala/FrogsAndToadsTests.scala' because it doesn't belong to a build target.
WARN  no build target: /Users/hannesventer/OneDrive - Macquarie University/Uni Work/2019 S2/COMP332/Assignment 1/comp332_a1/src/test/scala/FrogsAndToadsTests.scala
WARN  no build target: /Users/hannesventer/OneDrive - Macquarie University/Uni Work/2019 S2/COMP332/Assignment 1/comp332_a1/src/test/scala/FrogsAndToadsTests.scala
Aug 31, 2019 6:37:21 PM scala.meta.internal.pc.CompilerAccess handleError
SEVERE: null
java.lang.NullPointerException
	at scala.meta.internal.pc.HoverProvider.seenFromType(HoverProvider.scala:106)
	at scala.meta.internal.pc.HoverProvider.hover(HoverProvider.scala:42)

WARN  code navigation does not work for the file '/Users/hannesventer/OneDrive - Macquarie University/Uni Work/2019 S2/COMP332/Assignment 1/comp332_a1/src/test/scala/FrogsAndToadsTests.scala' because it doesn't belong to a build target.
WARN  code navigation does not work for the file '/Users/hannesventer/OneDrive - Macquarie University/Uni Work/2019 S2/COMP332/Assignment 1/comp332_a1/src/test/scala/FrogsAndToadsTests.scala' because it doesn't belong to a build target.
WARN  no build target: /Users/hannesventer/OneDrive - Macquarie University/Uni Work/2019 S2/COMP332/Assignment 1/comp332_a1/src/test/scala/FrogsAndToadsTests.scala
WARN  no build target: /Users/hannesventer/OneDrive - Macquarie University/Uni Work/2019 S2/COMP332/Assignment 1/comp332_a1/src/test/scala/FrogsAndToadsTests.scala
WARN  code navigation does not work for the file '/Users/hannesventer/OneDrive - Macquarie University/Uni Work/2019 S2/COMP332/Assignment 1/comp332_a1/src/test/scala/FrogsAndToadsTests.scala' because it doesn't belong to a build target.
WARN  code navigation does not work for the file '/Users/hannesventer/OneDrive - Macquarie University/Uni Work/2019 S2/COMP332/Assignment 1/comp332_a1/src/test/scala/FrogsAndToadsTests.scala' because it doesn't belong to a build target.
WARN  no build target: /Users/hannesventer/OneDrive - Macquarie University/Uni Work/2019 S2/COMP332/Assignment 1/comp332_a1/src/test/scala/FrogsAndToadsTests.scala
WARN  code navigation does not work for the file '/Users/hannesventer/OneDrive - Macquarie University/Uni Work/2019 S2/COMP332/Assignment 1/comp332_a1/src/test/scala/FrogsAndToadsTests.scala' because it doesn't belong to a build target.
WARN  code navigation does not work for the file '/Users/hannesventer/OneDrive - Macquarie University/Uni Work/2019 S2/COMP332/Assignment 1/comp332_a1/src/test/scala/FrogsAndToadsTests.scala' because it doesn't belong to a build target.
WARN  no build target: /Users/hannesventer/OneDrive - Macquarie University/Uni Work/2019 S2/COMP332/Assignment 1/comp332_a1/src/test/scala/FrogsAndToadsTests.scala
WARN  no build target: /Users/hannesventer/OneDrive - Macquarie University/Uni Work/2019 S2/COMP332/Assignment 1/comp332_a1/src/test/scala/FrogsAndToadsTests.scala
WARN  code navigation does not work for the file '/Users/hannesventer/OneDrive - Macquarie University/Uni Work/2019 S2/COMP332/Assignment 1/comp332_a1/src/test/scala/FrogsAndToadsTests.scala' because it doesn't belong to a build target.
WARN  code navigation does not work for the file '/Users/hannesventer/OneDrive - Macquarie University/Uni Work/2019 S2/COMP332/Assignment 1/comp332_a1/src/test/scala/FrogsAndToadsTests.scala' because it doesn't belong to a build target.
WARN  no build target: /Users/hannesventer/OneDrive - Macquarie University/Uni Work/2019 S2/COMP332/Assignment 1/comp332_a1/src/test/scala/FrogsAndToadsTests.scala
WARN  code navigation does not work for the file '/Users/hannesventer/OneDrive - Macquarie University/Uni Work/2019 S2/COMP332/Assignment 1/comp332_a1/src/test/scala/FrogsAndToadsTests.scala' because it doesn't belong to a build target.
WARN  code navigation does not work for the file '/Users/hannesventer/OneDrive - Macquarie University/Uni Work/2019 S2/COMP332/Assignment 1/comp332_a1/src/test/scala/FrogsAndToadsTests.scala' because it doesn't belong to a build target.
WARN  no build target: /Users/hannesventer/OneDrive - Macquarie University/Uni Work/2019 S2/COMP332/Assignment 1/comp332_a1/src/test/scala/FrogsAndToadsTests.scala
WARN  code navigation does not work for the file '/Users/hannesventer/OneDrive - Macquarie University/Uni Work/2019 S2/COMP332/Assignment 1/comp332_a1/src/test/scala/FrogsAndToadsTests.scala' because it doesn't belong to a build target.
WARN  code navigation does not work for the file '/Users/hannesventer/OneDrive - Macquarie University/Uni Work/2019 S2/COMP332/Assignment 1/comp332_a1/src/test/scala/FrogsAndToadsTests.scala' because it doesn't belong to a build target.
WARN  no build target: /Users/hannesventer/OneDrive - Macquarie University/Uni Work/2019 S2/COMP332/Assignment 1/comp332_a1/src/test/scala/FrogsAndToadsTests.scala
WARN  no build target: /Users/hannesventer/OneDrive - Macquarie University/Uni Work/2019 S2/COMP332/Assignment 1/comp332_a1/src/test/scala/FrogsAndToadsTests.scala
WARN  no build target: /Users/hannesventer/OneDrive - Macquarie University/Uni Work/2019 S2/COMP332/Assignment 1/comp332_a1/src/test/scala/FrogsAndToadsTests.scala
WARN  no build target: /Users/hannesventer/OneDrive - Macquarie University/Uni Work/2019 S2/COMP332/Assignment 1/comp332_a1/src/test/scala/FrogsAndToadsTests.scala
WARN  no build target: /Users/hannesventer/OneDrive - Macquarie University/Uni Work/2019 S2/COMP332/Assignment 1/comp332_a1/src/test/scala/FrogsAndToadsTests.scala
WARN  no build target: /Users/hannesventer/OneDrive - Macquarie University/Uni Work/2019 S2/COMP332/Assignment 1/comp332_a1/src/main/scala/FrogsAndToads.scala
something's wrong: no file:///Users/hannesventer/OneDrive%20-%20Macquarie%20University/Uni%20Work/2019%20S2/COMP332/Assignment%201/comp332_a1/src/main/scala/FrogsAndToads.scala in Vector[org.mq.frogsandtoads.PuzzleState.Cell]RangePosition(file:///Users/hannesventer/OneDrive%20-%20Macquarie%20University/Uni%20Work/2019%20S2/COMP332/Assignment%201/comp332_a1/src/main/scala/FrogsAndToads.scala, 6217, 6217, 6229)
something's wrong: no file:///Users/hannesventer/OneDrive%20-%20Macquarie%20University/Uni%20Work/2019%20S2/COMP332/Assignment%201/comp332_a1/src/main/scala/FrogsAndToads.scala in Vector[org.mq.frogsandtoads.PuzzleState.Cell]RangePosition(file:///Users/hannesventer/OneDrive%20-%20Macquarie%20University/Uni%20Work/2019%20S2/COMP332/Assignment%201/comp332_a1/src/main/scala/FrogsAndToads.scala, 6217, 6217, 6229)
WARN  no build target: /Users/hannesventer/OneDrive - Macquarie University/Uni Work/2019 S2/COMP332/Assignment 1/comp332_a1/src/main/scala/FrogsAndToads.scala
WARN  no build target: /Users/hannesventer/OneDrive - Macquarie University/Uni Work/2019 S2/COMP332/Assignment 1/comp332_a1/src/test/scala/FrogsAndToadsTests.scala
WARN  no build target: /Users/hannesventer/OneDrive - Macquarie University/Uni Work/2019 S2/COMP332/Assignment 1/comp332_a1/src/main/scala/FrogsAndToads.scala
WARN  no build target: /Users/hannesventer/OneDrive - Macquarie University/Uni Work/2019 S2/COMP332/Assignment 1/comp332_a1/src/main/scala/FrogsAndToads.scala
WARN  no build target: /Users/hannesventer/OneDrive - Macquarie University/Uni Work/2019 S2/COMP332/Assignment 1/comp332_a1/src/main/scala/FrogsAndToads.scala
Aug 31, 2019 7:00:48 PM scala.meta.internal.pc.CompilerAccess handleError
SEVERE: null
java.lang.NullPointerException
	at scala.meta.internal.pc.HoverProvider.seenFromType(HoverProvider.scala:106)
	at scala.meta.internal.pc.HoverProvider.hover(HoverProvider.scala:42)

WARN  no build target: /Users/hannesventer/OneDrive - Macquarie University/Uni Work/2019 S2/COMP332/Assignment 1/comp332_a1/src/test/scala/FrogsAndToadsTests.scala
WARN  no build target: /Users/hannesventer/OneDrive - Macquarie University/Uni Work/2019 S2/COMP332/Assignment 1/comp332_a1/src/test/scala/FrogsAndToadsTests.scala
WARN  no build target: /Users/hannesventer/OneDrive - Macquarie University/Uni Work/2019 S2/COMP332/Assignment 1/comp332_a1/src/test/scala/FrogsAndToadsTests.scala
WARN  no build target: /Users/hannesventer/OneDrive - Macquarie University/Uni Work/2019 S2/COMP332/Assignment 1/comp332_a1/src/main/scala/FrogsAndToads.scala
WARN  no build target: /Users/hannesventer/OneDrive - Macquarie University/Uni Work/2019 S2/COMP332/Assignment 1/comp332_a1/src/main/scala/FrogsAndToads.scala
WARN  no build target: /Users/hannesventer/OneDrive - Macquarie University/Uni Work/2019 S2/COMP332/Assignment 1/comp332_a1/src/test/scala/FrogsAndToadsTests.scala
INFO  shutting down Metals
INFO  time: initialize in 0.36s
INFO  skipping build import with status 'Requested'
WARN  no build target: /Users/hannesventer/OneDrive - Macquarie University/Uni Work/2019 S2/COMP332/Assignment 1/comp332_a1/src/main/scala/FrogsAndToads.scala
INFO  no build target: using presentation compiler with only scala-library
WARN  no build target: /Users/hannesventer/OneDrive - Macquarie University/Uni Work/2019 S2/COMP332/Assignment 1/comp332_a1/src/test/scala/FrogsAndToadsTests.scala
WARN  code navigation does not work for the file '/Users/hannesventer/OneDrive - Macquarie University/Uni Work/2019 S2/COMP332/Assignment 1/comp332_a1/src/test/scala/FrogsAndToadsTests.scala' because it doesn't belong to a build target.
WARN  code navigation does not work for the file '/Users/hannesventer/OneDrive - Macquarie University/Uni Work/2019 S2/COMP332/Assignment 1/comp332_a1/src/test/scala/FrogsAndToadsTests.scala' because it doesn't belong to a build target.
WARN  no build target: /Users/hannesventer/OneDrive - Macquarie University/Uni Work/2019 S2/COMP332/Assignment 1/comp332_a1/src/test/scala/FrogsAndToadsTests.scala
WARN  no build target: /Users/hannesventer/OneDrive - Macquarie University/Uni Work/2019 S2/COMP332/Assignment 1/comp332_a1/src/test/scala/FrogsAndToadsTests.scala
WARN  code navigation does not work for the file '/Users/hannesventer/OneDrive - Macquarie University/Uni Work/2019 S2/COMP332/Assignment 1/comp332_a1/src/main/scala/FrogsAndToads.scala' because it doesn't belong to a build target.
WARN  code navigation does not work for the file '/Users/hannesventer/OneDrive - Macquarie University/Uni Work/2019 S2/COMP332/Assignment 1/comp332_a1/src/main/scala/FrogsAndToads.scala' because it doesn't belong to a build target.
WARN  no build target: /Users/hannesventer/OneDrive - Macquarie University/Uni Work/2019 S2/COMP332/Assignment 1/comp332_a1/src/main/scala/FrogsAndToads.scala
WARN  code navigation does not work for the file '/Users/hannesventer/OneDrive - Macquarie University/Uni Work/2019 S2/COMP332/Assignment 1/comp332_a1/src/test/scala/FrogsAndToadsTests.scala' because it doesn't belong to a build target.
WARN  code navigation does not work for the file '/Users/hannesventer/OneDrive - Macquarie University/Uni Work/2019 S2/COMP332/Assignment 1/comp332_a1/src/test/scala/FrogsAndToadsTests.scala' because it doesn't belong to a build target.
WARN  no build target: /Users/hannesventer/OneDrive - Macquarie University/Uni Work/2019 S2/COMP332/Assignment 1/comp332_a1/src/test/scala/FrogsAndToadsTests.scala
WARN  code navigation does not work for the file '/Users/hannesventer/OneDrive - Macquarie University/Uni Work/2019 S2/COMP332/Assignment 1/comp332_a1/src/main/scala/FrogsAndToads.scala' because it doesn't belong to a build target.
WARN  code navigation does not work for the file '/Users/hannesventer/OneDrive - Macquarie University/Uni Work/2019 S2/COMP332/Assignment 1/comp332_a1/src/main/scala/FrogsAndToads.scala' because it doesn't belong to a build target.
WARN  no build target: /Users/hannesventer/OneDrive - Macquarie University/Uni Work/2019 S2/COMP332/Assignment 1/comp332_a1/src/main/scala/FrogsAndToads.scala
WARN  no build target: /Users/hannesventer/OneDrive - Macquarie University/Uni Work/2019 S2/COMP332/Assignment 1/comp332_a1/src/test/scala/FrogsAndToadsTests.scala
Sep 01, 2019 3:47:01 PM scala.meta.internal.pc.CompilerAccess handleError
SEVERE: null
java.lang.NullPointerException
	at scala.meta.internal.pc.HoverProvider.seenFromType(HoverProvider.scala:106)
	at scala.meta.internal.pc.HoverProvider.hover(HoverProvider.scala:42)

Sep 01, 2019 3:48:38 PM scala.meta.internal.pc.CompilerAccess handleError
SEVERE: null
java.lang.NullPointerException
	at scala.meta.internal.pc.HoverProvider.hover(HoverProvider.scala:37)

Sep 01, 2019 3:49:23 PM scala.meta.internal.pc.CompilerAccess retryWithCleanCompiler
INFO: compiler crashed due to an error in the Scala compiler, retrying with new compiler instance.
Sep 01, 2019 3:49:23 PM scala.meta.internal.pc.CompilerAccess handleError
SEVERE: null
java.lang.NullPointerException
	at scala.reflect.internal.Definitions$DefinitionsClass.isByNameParamType(Definitions.scala:416)
	at scala.reflect.internal.TreeInfo.isStableIdent(TreeInfo.scala:137)
	at scala.reflect.internal.TreeInfo.isStableIdentifier(TreeInfo.scala:113)
	at scala.reflect.internal.TreeInfo.isPath(TreeInfo.scala:102)
	at scala.reflect.internal.TreeInfo.admitsTypeSelection(TreeInfo.scala:155)
	at scala.tools.nsc.interactive.Global.stabilizedType(Global.scala:959)
	at scala.tools.nsc.interactive.Global.typedTreeAt(Global.scala:807)
	at scala.meta.internal.pc.SignatureHelpProvider.signatureHelp(SignatureHelpProvider.scala:22)

Sep 01, 2019 4:08:17 PM scala.meta.internal.pc.CompilerAccess retryWithCleanCompiler
INFO: compiler crashed due to an error in the Scala compiler, retrying with new compiler instance.
Sep 01, 2019 4:08:17 PM scala.meta.internal.pc.CompilerAccess handleError
SEVERE: null
java.lang.NullPointerException
	at scala.reflect.internal.Definitions$DefinitionsClass.isByNameParamType(Definitions.scala:416)
	at scala.reflect.internal.TreeInfo.isStableIdent(TreeInfo.scala:137)
	at scala.reflect.internal.TreeInfo.isStableIdentifier(TreeInfo.scala:113)
	at scala.reflect.internal.TreeInfo.isPath(TreeInfo.scala:102)
	at scala.reflect.internal.TreeInfo.admitsTypeSelection(TreeInfo.scala:155)
	at scala.tools.nsc.interactive.Global.stabilizedType(Global.scala:959)
	at scala.tools.nsc.interactive.Global.typedTreeAt(Global.scala:807)
	at scala.meta.internal.pc.SignatureHelpProvider.signatureHelp(SignatureHelpProvider.scala:22)

WARN  no build target: /Users/hannesventer/OneDrive - Macquarie University/Uni Work/2019 S2/COMP332/Assignment 1/comp332_a1/src/main/scala/Main.scala
Sep 01, 2019 4:39:52 PM scala.meta.internal.pc.Completions completionPosition
SEVERE: null
java.lang.NullPointerException
	at scala.meta.internal.pc.Completions$CompletionPosition$Override.<init>(Completions.scala:948)
	at scala.meta.internal.pc.Completions.completionPositionUnsafe(Completions.scala:448)
	at scala.meta.internal.pc.Completions.completionPositionUnsafe$(Completions.scala:387)
	at scala.meta.internal.pc.MetalsGlobal.completionPositionUnsafe(MetalsGlobal.scala:23)
	at scala.meta.internal.pc.Completions.completionPosition(Completions.scala:379)
	at scala.meta.internal.pc.Completions.completionPosition$(Completions.scala:364)
	at scala.meta.internal.pc.MetalsGlobal.completionPosition(MetalsGlobal.scala:23)
	at scala.meta.internal.pc.CompletionProvider.safeCompletionsAt(CompletionProvider.scala:382)
	at scala.meta.internal.pc.CompletionProvider.completions(CompletionProvider.scala:47)
	at scala.meta.internal.pc.ScalaPresentationCompiler.$anonfun$complete$1(ScalaPresentationCompiler.scala:87)
	at scala.meta.internal.pc.CompilerAccess.withSharedCompiler(CompilerAccess.scala:119)
	at scala.meta.internal.pc.CompilerAccess.$anonfun$withInterruptableCompiler$1(CompilerAccess.scala:76)
	at scala.meta.internal.pc.CompilerAccess.$anonfun$onCompilerJobQueue$1(CompilerAccess.scala:191)
	at scala.meta.internal.pc.CompilerJobQueue$Job.run(CompilerJobQueue.scala:73)
	at java.util.concurrent.ThreadPoolExecutor.runWorker(ThreadPoolExecutor.java:1149)
	at java.util.concurrent.ThreadPoolExecutor$Worker.run(ThreadPoolExecutor.java:624)
	at java.lang.Thread.run(Thread.java:748)

Sep 01, 2019 4:48:48 PM scala.meta.internal.pc.CompilerAccess handleError
SEVERE: null
java.lang.NullPointerException
	at scala.meta.internal.pc.HoverProvider.seenFromType(HoverProvider.scala:106)
	at scala.meta.internal.pc.HoverProvider.hover(HoverProvider.scala:42)

Sep 01, 2019 4:49:27 PM org.eclipse.lsp4j.jsonrpc.RemoteEndpoint handleCancellation
WARNING: Unmatched cancel notification for request id 1138
WARN  no build target: /Users/hannesventer/OneDrive - Macquarie University/Uni Work/2019 S2/COMP332/Assignment 1/comp332_a1/src/main/scala/FrogsAndToads.scala
Sep 01, 2019 5:08:31 PM scala.meta.internal.pc.CompilerAccess handleError
SEVERE: null
java.lang.NullPointerException
	at scala.meta.internal.pc.HoverProvider.seenFromType(HoverProvider.scala:106)
	at scala.meta.internal.pc.HoverProvider.hover(HoverProvider.scala:42)

something's wrong: no file:///Users/hannesventer/OneDrive%20-%20Macquarie%20University/Uni%20Work/2019%20S2/COMP332/Assignment%201/comp332_a1/src/main/scala/FrogsAndToads.scala in Vector[org.mq.frogsandtoads.PuzzleState.Cell]RangePosition(file:///Users/hannesventer/OneDrive%20-%20Macquarie%20University/Uni%20Work/2019%20S2/COMP332/Assignment%201/comp332_a1/src/main/scala/FrogsAndToads.scala, 9676, 9676, 9688)
something's wrong: no file:///Users/hannesventer/OneDrive%20-%20Macquarie%20University/Uni%20Work/2019%20S2/COMP332/Assignment%201/comp332_a1/src/main/scala/FrogsAndToads.scala in Vector[org.mq.frogsandtoads.PuzzleState.Cell]RangePosition(file:///Users/hannesventer/OneDrive%20-%20Macquarie%20University/Uni%20Work/2019%20S2/COMP332/Assignment%201/comp332_a1/src/main/scala/FrogsAndToads.scala, 9676, 9676, 9688)
something's wrong: no file:///Users/hannesventer/OneDrive%20-%20Macquarie%20University/Uni%20Work/2019%20S2/COMP332/Assignment%201/comp332_a1/src/main/scala/FrogsAndToads.scala in Vector[org.mq.frogsandtoads.PuzzleState.Cell]RangePosition(file:///Users/hannesventer/OneDrive%20-%20Macquarie%20University/Uni%20Work/2019%20S2/COMP332/Assignment%201/comp332_a1/src/main/scala/FrogsAndToads.scala, 9681, 9681, 9693)
something's wrong: no file:///Users/hannesventer/OneDrive%20-%20Macquarie%20University/Uni%20Work/2019%20S2/COMP332/Assignment%201/comp332_a1/src/main/scala/FrogsAndToads.scala in Vector[org.mq.frogsandtoads.PuzzleState.Cell]RangePosition(file:///Users/hannesventer/OneDrive%20-%20Macquarie%20University/Uni%20Work/2019%20S2/COMP332/Assignment%201/comp332_a1/src/main/scala/FrogsAndToads.scala, 9681, 9681, 9693)
something's wrong: no file:///Users/hannesventer/OneDrive%20-%20Macquarie%20University/Uni%20Work/2019%20S2/COMP332/Assignment%201/comp332_a1/src/main/scala/FrogsAndToads.scala in Seq[java.awt.Image]RangePosition(file:///Users/hannesventer/OneDrive%20-%20Macquarie%20University/Uni%20Work/2019%20S2/COMP332/Assignment%201/comp332_a1/src/main/scala/FrogsAndToads.scala, 9677, 9677, 9687)
WARN  no build target: /Users/hannesventer/OneDrive - Macquarie University/Uni Work/2019 S2/COMP332/Assignment 1/comp332_a1/src/main/scala/FrogsAndToads.scala
WARN  no build target: /Users/hannesventer/OneDrive - Macquarie University/Uni Work/2019 S2/COMP332/Assignment 1/comp332_a1/src/main/scala/FrogsAndToads.scala
WARN  no build target: /Users/hannesventer/OneDrive - Macquarie University/Uni Work/2019 S2/COMP332/Assignment 1/comp332_a1/src/main/scala/FrogsAndToads.scala
WARN  no build target: /Users/hannesventer/OneDrive - Macquarie University/Uni Work/2019 S2/COMP332/Assignment 1/comp332_a1/src/main/scala/FrogsAndToads.scala
WARN  no build target: /Users/hannesventer/OneDrive - Macquarie University/Uni Work/2019 S2/COMP332/Assignment 1/comp332_a1/src/main/scala/FrogsAndToads.scala
Sep 01, 2019 6:00:35 PM scala.meta.internal.pc.CompilerAccess handleError
SEVERE: null
java.lang.NullPointerException
	at scala.meta.internal.pc.HoverProvider.seenFromType(HoverProvider.scala:106)
	at scala.meta.internal.pc.HoverProvider.hover(HoverProvider.scala:42)

Sep 01, 2019 6:00:36 PM scala.meta.internal.pc.CompilerAccess handleError
SEVERE: null
java.lang.NullPointerException
	at scala.meta.internal.pc.HoverProvider.seenFromType(HoverProvider.scala:106)
	at scala.meta.internal.pc.HoverProvider.hover(HoverProvider.scala:42)

Sep 01, 2019 6:00:38 PM scala.meta.internal.pc.CompilerAccess handleError
SEVERE: null
java.lang.NullPointerException
	at scala.meta.internal.pc.HoverProvider.seenFromType(HoverProvider.scala:106)
	at scala.meta.internal.pc.HoverProvider.hover(HoverProvider.scala:42)

Sep 01, 2019 6:00:41 PM scala.meta.internal.pc.CompilerAccess handleError
SEVERE: null
java.lang.NullPointerException
	at scala.meta.internal.pc.HoverProvider.seenFromType(HoverProvider.scala:106)
	at scala.meta.internal.pc.HoverProvider.hover(HoverProvider.scala:42)

Sep 01, 2019 6:00:41 PM scala.meta.internal.pc.CompilerAccess handleError
SEVERE: null
java.lang.NullPointerException
	at scala.meta.internal.pc.HoverProvider.seenFromType(HoverProvider.scala:106)
	at scala.meta.internal.pc.HoverProvider.hover(HoverProvider.scala:42)

Sep 01, 2019 6:00:41 PM scala.meta.internal.pc.CompilerAccess handleError
SEVERE: null
java.lang.NullPointerException
	at scala.meta.internal.pc.HoverProvider.seenFromType(HoverProvider.scala:106)
	at scala.meta.internal.pc.HoverProvider.hover(HoverProvider.scala:42)

WARN  no build target: /Users/hannesventer/OneDrive - Macquarie University/Uni Work/2019 S2/COMP332/Assignment 1/comp332_a1/src/main/scala/FrogsAndToads.scala
WARN  no build target: /Users/hannesventer/OneDrive - Macquarie University/Uni Work/2019 S2/COMP332/Assignment 1/comp332_a1/src/main/scala/FrogsAndToads.scala
something's wrong: no file:///Users/hannesventer/OneDrive%20-%20Macquarie%20University/Uni%20Work/2019%20S2/COMP332/Assignment%201/comp332_a1/src/main/scala/FrogsAndToads.scala in Vector[<error>]RangePosition(file:///Users/hannesventer/OneDrive%20-%20Macquarie%20University/Uni%20Work/2019%20S2/COMP332/Assignment%201/comp332_a1/src/main/scala/FrogsAndToads.scala, 9715, 9715, 9728)
something's wrong: no file:///Users/hannesventer/OneDrive%20-%20Macquarie%20University/Uni%20Work/2019%20S2/COMP332/Assignment%201/comp332_a1/src/main/scala/FrogsAndToads.scala in Vector[<error>]RangePosition(file:///Users/hannesventer/OneDrive%20-%20Macquarie%20University/Uni%20Work/2019%20S2/COMP332/Assignment%201/comp332_a1/src/main/scala/FrogsAndToads.scala, 9731, 9731, 9744)
something's wrong: no file:///Users/hannesventer/OneDrive%20-%20Macquarie%20University/Uni%20Work/2019%20S2/COMP332/Assignment%201/comp332_a1/src/main/scala/FrogsAndToads.scala in Vector[<error>]RangePosition(file:///Users/hannesventer/OneDrive%20-%20Macquarie%20University/Uni%20Work/2019%20S2/COMP332/Assignment%201/comp332_a1/src/main/scala/FrogsAndToads.scala, 9731, 9731, 9744)
WARN  code navigation does not work for the file '/Users/hannesventer/OneDrive - Macquarie University/Uni Work/2019 S2/COMP332/Assignment 1/comp332_a1/src/main/scala/FrogsAndToads.scala' because it doesn't belong to a build target.
WARN  code navigation does not work for the file '/Users/hannesventer/OneDrive - Macquarie University/Uni Work/2019 S2/COMP332/Assignment 1/comp332_a1/src/main/scala/FrogsAndToads.scala' because it doesn't belong to a build target.
WARN  no build target: /Users/hannesventer/OneDrive - Macquarie University/Uni Work/2019 S2/COMP332/Assignment 1/comp332_a1/src/main/scala/FrogsAndToads.scala
something's wrong: no file:///Users/hannesventer/OneDrive%20-%20Macquarie%20University/Uni%20Work/2019%20S2/COMP332/Assignment%201/comp332_a1/src/main/scala/FrogsAndToads.scala in Seq[<error>]RangePosition(file:///Users/hannesventer/OneDrive%20-%20Macquarie%20University/Uni%20Work/2019%20S2/COMP332/Assignment%201/comp332_a1/src/main/scala/FrogsAndToads.scala, 9653, 9653, 9671)
Sep 01, 2019 6:23:28 PM scala.meta.internal.pc.CompilerAccess handleError
SEVERE: null
java.lang.NullPointerException
	at scala.meta.internal.pc.HoverProvider.seenFromType(HoverProvider.scala:106)
	at scala.meta.internal.pc.HoverProvider.hover(HoverProvider.scala:42)

Sep 01, 2019 6:23:29 PM scala.meta.internal.pc.CompilerAccess handleError
SEVERE: null
java.lang.NullPointerException
	at scala.meta.internal.pc.HoverProvider.seenFromType(HoverProvider.scala:106)
	at scala.meta.internal.pc.HoverProvider.hover(HoverProvider.scala:42)

Sep 01, 2019 6:23:47 PM scala.meta.internal.pc.CompilerAccess handleError
SEVERE: null
java.lang.NullPointerException
	at scala.meta.internal.pc.HoverProvider.seenFromType(HoverProvider.scala:106)
	at scala.meta.internal.pc.HoverProvider.hover(HoverProvider.scala:42)

Sep 01, 2019 6:23:57 PM scala.meta.internal.pc.CompilerAccess handleError
SEVERE: null
java.lang.NullPointerException
	at scala.meta.internal.pc.HoverProvider.seenFromType(HoverProvider.scala:106)
	at scala.meta.internal.pc.HoverProvider.hover(HoverProvider.scala:42)

Sep 01, 2019 6:23:58 PM scala.meta.internal.pc.CompilerAccess handleError
SEVERE: null
java.lang.NullPointerException
	at scala.meta.internal.pc.HoverProvider.seenFromType(HoverProvider.scala:106)
	at scala.meta.internal.pc.HoverProvider.hover(HoverProvider.scala:42)

WARN  code navigation does not work for the file '/Users/hannesventer/OneDrive - Macquarie University/Uni Work/2019 S2/COMP332/Assignment 1/comp332_a1/src/main/scala/FrogsAndToads.scala' because it doesn't belong to a build target.
WARN  code navigation does not work for the file '/Users/hannesventer/OneDrive - Macquarie University/Uni Work/2019 S2/COMP332/Assignment 1/comp332_a1/src/main/scala/FrogsAndToads.scala' because it doesn't belong to a build target.
Sep 01, 2019 6:25:18 PM scala.meta.internal.pc.CompilerAccess handleError
SEVERE: null
java.lang.NullPointerException
	at scala.meta.internal.pc.HoverProvider.seenFromType(HoverProvider.scala:106)
	at scala.meta.internal.pc.HoverProvider.hover(HoverProvider.scala:42)

WARN  no build target: /Users/hannesventer/OneDrive - Macquarie University/Uni Work/2019 S2/COMP332/Assignment 1/comp332_a1/src/main/scala/FrogsAndToads.scala
WARN  no build target: /Users/hannesventer/OneDrive - Macquarie University/Uni Work/2019 S2/COMP332/Assignment 1/comp332_a1/src/main/scala/FrogsAndToads.scala
INFO  shutting down Metals
INFO  time: initialize in 0.33s
INFO  skipping build import with status 'Requested'
WARN  no build target: /Users/hannesventer/OneDrive - Macquarie University/Uni Work/2019 S2/COMP332/Assignment 1/comp332_a1/src/main/scala/FrogsAndToads.scala
INFO  no build target: using presentation compiler with only scala-library
WARN  no build target: /Users/hannesventer/OneDrive - Macquarie University/Uni Work/2019 S2/COMP332/Assignment 1/comp332_a1/src/main/scala/FrogsAndToads.scala
WARN  no build target: /Users/hannesventer/OneDrive - Macquarie University/Uni Work/2019 S2/COMP332/Assignment 1/comp332_a1/src/main/scala/FrogsAndToads.scala
something's wrong: no file:///Users/hannesventer/OneDrive%20-%20Macquarie%20University/Uni%20Work/2019%20S2/COMP332/Assignment%201/comp332_a1/src/main/scala/FrogsAndToads.scala in Seq[<error>]RangePosition(file:///Users/hannesventer/OneDrive%20-%20Macquarie%20University/Uni%20Work/2019%20S2/COMP332/Assignment%201/comp332_a1/src/main/scala/FrogsAndToads.scala, 9230, 9230, 9240)
WARN  no build target: /Users/hannesventer/OneDrive - Macquarie University/Uni Work/2019 S2/COMP332/Assignment 1/comp332_a1/src/main/scala/FrogsAndToads.scala
WARN  code navigation does not work for the file '/Users/hannesventer/OneDrive - Macquarie University/Uni Work/2019 S2/COMP332/Assignment 1/comp332_a1/src/main/scala/FrogsAndToads.scala' because it doesn't belong to a build target.
WARN  code navigation does not work for the file '/Users/hannesventer/OneDrive - Macquarie University/Uni Work/2019 S2/COMP332/Assignment 1/comp332_a1/src/main/scala/FrogsAndToads.scala' because it doesn't belong to a build target.
WARN  code navigation does not work for the file '/Users/hannesventer/OneDrive - Macquarie University/Uni Work/2019 S2/COMP332/Assignment 1/comp332_a1/src/main/scala/FrogsAndToads.scala' because it doesn't belong to a build target.
WARN  code navigation does not work for the file '/Users/hannesventer/OneDrive - Macquarie University/Uni Work/2019 S2/COMP332/Assignment 1/comp332_a1/src/main/scala/FrogsAndToads.scala' because it doesn't belong to a build target.
WARN  code navigation does not work for the file '/Users/hannesventer/OneDrive - Macquarie University/Uni Work/2019 S2/COMP332/Assignment 1/comp332_a1/src/main/scala/FrogsAndToads.scala' because it doesn't belong to a build target.
WARN  code navigation does not work for the file '/Users/hannesventer/OneDrive - Macquarie University/Uni Work/2019 S2/COMP332/Assignment 1/comp332_a1/src/main/scala/FrogsAndToads.scala' because it doesn't belong to a build target.
WARN  no build target: /Users/hannesventer/OneDrive - Macquarie University/Uni Work/2019 S2/COMP332/Assignment 1/comp332_a1/src/main/scala/FrogsAndToads.scala
WARN  no build target: /Users/hannesventer/OneDrive - Macquarie University/Uni Work/2019 S2/COMP332/Assignment 1/comp332_a1/src/main/scala/FrogsAndToads.scala
WARN  no build target: /Users/hannesventer/OneDrive - Macquarie University/Uni Work/2019 S2/COMP332/Assignment 1/comp332_a1/src/main/scala/FrogsAndToads.scala
WARN  no build target: /Users/hannesventer/OneDrive - Macquarie University/Uni Work/2019 S2/COMP332/Assignment 1/comp332_a1/src/main/scala/FrogsAndToads.scala
WARN  code navigation does not work for the file '/Users/hannesventer/OneDrive - Macquarie University/Uni Work/2019 S2/COMP332/Assignment 1/comp332_a1/src/main/scala/FrogsAndToads.scala' because it doesn't belong to a build target.
WARN  code navigation does not work for the file '/Users/hannesventer/OneDrive - Macquarie University/Uni Work/2019 S2/COMP332/Assignment 1/comp332_a1/src/main/scala/FrogsAndToads.scala' because it doesn't belong to a build target.
WARN  no build target: /Users/hannesventer/OneDrive - Macquarie University/Uni Work/2019 S2/COMP332/Assignment 1/comp332_a1/src/main/scala/FrogsAndToads.scala
WARN  no build target: /Users/hannesventer/OneDrive - Macquarie University/Uni Work/2019 S2/COMP332/Assignment 1/comp332_a1/src/test/scala/FrogsAndToadsTests.scala
WARN  no build target: /Users/hannesventer/OneDrive - Macquarie University/Uni Work/2019 S2/COMP332/Assignment 1/comp332_a1/src/main/scala/FrogsAndToads.scala
WARN  no build target: /Users/hannesventer/OneDrive - Macquarie University/Uni Work/2019 S2/COMP332/Assignment 1/comp332_a1/src/main/scala/FrogsAndToads.scala
WARN  no build target: /Users/hannesventer/OneDrive - Macquarie University/Uni Work/2019 S2/COMP332/Assignment 1/comp332_a1/src/main/scala/FrogsAndToads.scala
